#
# There is insufficient memory for the Java Runtime Environment to continue.
# Native memory allocation (malloc) failed to allocate 32744 bytes for ChunkPool::allocate
# Possible reasons:
#   The system is out of physical RAM or swap space
#   In 32 bit mode, the process size limit was hit
# Possible solutions:
#   Reduce memory load on the system
#   Increase physical memory or swap space
#   Check if swap backing store is full
#   Use 64 bit Java on a 64 bit OS
#   Decrease Java heap size (-Xmx/-Xms)
#   Decrease number of Java threads
#   Decrease Java thread stack sizes (-Xss)
#   Set larger code cache with -XX:ReservedCodeCacheSize=
# This output file may be truncated or incomplete.
#
#  Out of Memory Error (allocation.cpp:273), pid=9272, tid=9928
#
# JRE version: Java(TM) SE Runtime Environment (8.0_20-b26) (build 1.8.0_20-b26)
# Java VM: Java HotSpot(TM) 64-Bit Server VM (25.20-b23 mixed mode windows-amd64 compressed oops)
# Failed to write core dump. Minidumps are not enabled by default on client versions of Windows
#

---------------  T H R E A D  ---------------

Current thread (0x0000000019853800):  JavaThread "C1 CompilerThread3" daemon [_thread_in_native, id=9928, stack(0x000000001a120000,0x000000001a220000)]

Stack: [0x000000001a120000,0x000000001a220000]
Native frames: (J=compiled Java code, j=interpreted, Vv=VM code, C=native code)
V  [jvm.dll+0x3152fa]
V  [jvm.dll+0x265d03]
V  [jvm.dll+0x266943]
V  [jvm.dll+0x25e265]
V  [jvm.dll+0xbdfb1]
V  [jvm.dll+0xbe6fc]
V  [jvm.dll+0x406f5a]
V  [jvm.dll+0x40b8ed]
V  [jvm.dll+0x40d282]
V  [jvm.dll+0x3ebe90]
V  [jvm.dll+0x3ec260]
V  [jvm.dll+0x3ec392]
V  [jvm.dll+0x3ec55e]
V  [jvm.dll+0x3ec75f]
V  [jvm.dll+0x97b62]
V  [jvm.dll+0x98353]
V  [jvm.dll+0x22aac4]
V  [jvm.dll+0x283f5a]
C  [msvcr100.dll+0x21d9f]
C  [msvcr100.dll+0x21e3b]
C  [KERNEL32.DLL+0x13d2]
C  [ntdll.dll+0x15454]


Current CompileTask:
C1:  45916 1627       3       javax.swing.LookAndFeel::installProperty (37 bytes)


---------------  P R O C E S S  ---------------

Java Threads: ( => current thread )
  0x000000001af95800 JavaThread "TimerQueue" daemon [_thread_blocked, id=9816, stack(0x0000000021110000,0x0000000021210000)]
  0x000000001aef1800 JavaThread "pool-2-thread-3" [_thread_blocked, id=9724, stack(0x0000000020c80000,0x0000000020d80000)]
  0x000000001aef0800 JavaThread "pool-2-thread-2" [_thread_blocked, id=8532, stack(0x0000000020b80000,0x0000000020c80000)]
  0x000000001aefb800 JavaThread "pool-2-thread-1" [_thread_blocked, id=3272, stack(0x0000000020420000,0x0000000020520000)]
  0x000000001ae8f800 JavaThread "D3D Screen Updater" daemon [_thread_blocked, id=9768, stack(0x000000001fe20000,0x000000001ff20000)]
  0x0000000002790800 JavaThread "DestroyJavaVM" [_thread_blocked, id=9636, stack(0x00000000025c0000,0x00000000026c0000)]
  0x000000001a9b2000 JavaThread "Swing-Shell" daemon [_thread_blocked, id=8180, stack(0x000000001e690000,0x000000001e790000)]
  0x000000001ae72800 JavaThread "AWT-EventQueue-0" [_thread_blocked, id=8572, stack(0x000000001e590000,0x000000001e690000)]
  0x0000000019b87800 JavaThread "AWT-Windows" daemon [_thread_in_native, id=3316, stack(0x000000001c400000,0x000000001c500000)]
  0x0000000019b87000 JavaThread "AWT-Shutdown" [_thread_blocked, id=8188, stack(0x000000001c300000,0x000000001c400000)]
  0x000000001aa2a000 JavaThread "Java2D Disposer" daemon [_thread_blocked, id=8432, stack(0x000000001c200000,0x000000001c300000)]
  0x00000000198d3000 JavaThread "Service Thread" daemon [_thread_blocked, id=8744, stack(0x000000001a220000,0x000000001a320000)]
=>0x0000000019853800 JavaThread "C1 CompilerThread3" daemon [_thread_in_native, id=9928, stack(0x000000001a120000,0x000000001a220000)]
  0x000000001984d800 JavaThread "C2 CompilerThread2" daemon [_thread_blocked, id=10236, stack(0x000000001a020000,0x000000001a120000)]
  0x0000000019849800 JavaThread "C2 CompilerThread1" daemon [_thread_blocked, id=7984, stack(0x0000000019f20000,0x000000001a020000)]
  0x0000000019847800 JavaThread "C2 CompilerThread0" daemon [_thread_blocked, id=6928, stack(0x0000000019e20000,0x0000000019f20000)]
  0x0000000019845800 JavaThread "Attach Listener" daemon [_thread_blocked, id=2772, stack(0x0000000019d20000,0x0000000019e20000)]
  0x0000000019844800 JavaThread "Signal Dispatcher" daemon [_thread_blocked, id=10144, stack(0x0000000019c20000,0x0000000019d20000)]
  0x0000000002888000 JavaThread "Finalizer" daemon [_thread_blocked, id=6420, stack(0x0000000019720000,0x0000000019820000)]
  0x0000000002881000 JavaThread "Reference Handler" daemon [_thread_blocked, id=8272, stack(0x0000000019620000,0x0000000019720000)]

Other Threads:
  0x0000000017848800 VMThread [stack: 0x0000000019520000,0x0000000019620000] [id=9440]
  0x00000000198d7800 WatcherThread [stack: 0x000000001a320000,0x000000001a420000] [id=9480]

VM state:not at safepoint (normal execution)

VM Mutex/Monitor currently owned by a thread: None

Heap:
 PSYoungGen      total 38400K, used 27356K [0x00000000d5c00000, 0x00000000d8680000, 0x0000000100000000)
  eden space 33280K, 66% used [0x00000000d5c00000,0x00000000d71b8068,0x00000000d7c80000)
  from space 5120K, 99% used [0x00000000d7c80000,0x00000000d817f388,0x00000000d8180000)
  to   space 5120K, 0% used [0x00000000d8180000,0x00000000d8180000,0x00000000d8680000)
 ParOldGen       total 87552K, used 8137K [0x0000000081400000, 0x0000000086980000, 0x00000000d5c00000)
  object space 87552K, 9% used [0x0000000081400000,0x0000000081bf2450,0x0000000086980000)
 Metaspace       used 17775K, capacity 18022K, committed 18304K, reserved 1064960K
  class space    used 2278K, capacity 2352K, committed 2432K, reserved 1048576K

Card table byte_map: [0x0000000011c50000,0x0000000012050000] byte_map_base: 0x0000000011846000

Marking Bits: (ParMarkBitMap*) 0x00000000559ab460
 Begin Bits: [0x0000000012b00000, 0x0000000014ab0000)
 End Bits:   [0x0000000014ab0000, 0x0000000016a60000)

Polling page: 0x0000000000c70000

CodeCache: size=245760Kb used=5369Kb max_used=5380Kb free=240391Kb
 bounds [0x0000000002890000, 0x0000000002de0000, 0x0000000011890000]
 total_blobs=2214 nmethods=1626 adapters=501
 compilation: enabled

Compilation events (10 events):
Event: 43.906 Thread 0x0000000019853800 1622       3       sun.nio.fs.WindowsPathParser::isSlash (18 bytes)
Event: 43.906 Thread 0x0000000019853800 nmethod 1622 0x0000000002dcd1d0 code [0x0000000002dcd320, 0x0000000002dcd4f0]
Event: 45.834 Thread 0x0000000019853800 1623       3       java.lang.String::codePointAt (36 bytes)
Event: 45.834 Thread 0x0000000019847800 1626       4       java.lang.String::substring (79 bytes)
Event: 45.835 Thread 0x0000000019853800 nmethod 1623 0x0000000002dccc50 code [0x0000000002dccde0, 0x0000000002dcd058]
Event: 45.835 Thread 0x0000000019853800 1625       3       java.util.regex.Matcher::find (69 bytes)
Event: 45.835 Thread 0x0000000019853800 nmethod 1625 0x0000000002dcb810 code [0x0000000002dcb980, 0x0000000002dcbd28]
Event: 45.835 Thread 0x0000000019853800 1624       3       java.lang.Character::codePointAtImpl (41 bytes)
Event: 45.836 Thread 0x0000000019853800 nmethod 1624 0x0000000002dcb050 code [0x0000000002dcb1e0, 0x0000000002dcb650]
Event: 45.837 Thread 0x0000000019853800 1627       3       javax.swing.LookAndFeel::installProperty (37 bytes)

GC Heap History (10 events):
Event: 0.236 GC heap before
{Heap before GC invocations=1 (full 0):
 PSYoungGen      total 38400K, used 6113K [0x00000000d5c00000, 0x00000000d8680000, 0x0000000100000000)
  eden space 33280K, 18% used [0x00000000d5c00000,0x00000000d61f8520,0x00000000d7c80000)
  from space 5120K, 0% used [0x00000000d8180000,0x00000000d8180000,0x00000000d8680000)
  to   space 5120K, 0% used [0x00000000d7c80000,0x00000000d7c80000,0x00000000d8180000)
 ParOldGen       total 87552K, used 0K [0x0000000081400000, 0x0000000086980000, 0x00000000d5c00000)
  object space 87552K, 0% used [0x0000000081400000,0x0000000081400000,0x0000000086980000)
 Metaspace       used 4148K, capacity 4724K, committed 4864K, reserved 1056768K
  class space    used 440K, capacity 496K, committed 512K, reserved 1048576K
Event: 0.239 GC heap after
Heap after GC invocations=1 (full 0):
 PSYoungGen      total 38400K, used 4231K [0x00000000d5c00000, 0x00000000d8680000, 0x0000000100000000)
  eden space 33280K, 0% used [0x00000000d5c00000,0x00000000d5c00000,0x00000000d7c80000)
  from space 5120K, 82% used [0x00000000d7c80000,0x00000000d80a1e78,0x00000000d8180000)
  to   space 5120K, 0% used [0x00000000d8180000,0x00000000d8180000,0x00000000d8680000)
 ParOldGen       total 87552K, used 8K [0x0000000081400000, 0x0000000086980000, 0x00000000d5c00000)
  object space 87552K, 0% used [0x0000000081400000,0x0000000081402000,0x0000000086980000)
 Metaspace       used 4148K, capacity 4724K, committed 4864K, reserved 1056768K
  class space    used 440K, capacity 496K, committed 512K, reserved 1048576K
}
Event: 0.239 GC heap before
{Heap before GC invocations=2 (full 1):
 PSYoungGen      total 38400K, used 4231K [0x00000000d5c00000, 0x00000000d8680000, 0x0000000100000000)
  eden space 33280K, 0% used [0x00000000d5c00000,0x00000000d5c00000,0x00000000d7c80000)
  from space 5120K, 82% used [0x00000000d7c80000,0x00000000d80a1e78,0x00000000d8180000)
  to   space 5120K, 0% used [0x00000000d8180000,0x00000000d8180000,0x00000000d8680000)
 ParOldGen       total 87552K, used 8K [0x0000000081400000, 0x0000000086980000, 0x00000000d5c00000)
  object space 87552K, 0% used [0x0000000081400000,0x0000000081402000,0x0000000086980000)
 Metaspace       used 4148K, capacity 4724K, committed 4864K, reserved 1056768K
  class space    used 440K, capacity 496K, committed 512K, reserved 1048576K
Event: 0.250 GC heap after
Heap after GC invocations=2 (full 1):
 PSYoungGen      total 38400K, used 0K [0x00000000d5c00000, 0x00000000d8680000, 0x0000000100000000)
  eden space 33280K, 0% used [0x00000000d5c00000,0x00000000d5c00000,0x00000000d7c80000)
  from space 5120K, 0% used [0x00000000d7c80000,0x00000000d7c80000,0x00000000d8180000)
  to   space 5120K, 0% used [0x00000000d8180000,0x00000000d8180000,0x00000000d8680000)
 ParOldGen       total 87552K, used 3044K [0x0000000081400000, 0x0000000086980000, 0x00000000d5c00000)
  object space 87552K, 3% used [0x0000000081400000,0x00000000816f9350,0x0000000086980000)
 Metaspace       used 4148K, capacity 4724K, committed 4864K, reserved 1056768K
  class space    used 440K, capacity 496K, committed 512K, reserved 1048576K
}
Event: 0.384 GC heap before
{Heap before GC invocations=3 (full 1):
 PSYoungGen      total 38400K, used 5832K [0x00000000d5c00000, 0x00000000d8680000, 0x0000000100000000)
  eden space 33280K, 17% used [0x00000000d5c00000,0x00000000d61b20f8,0x00000000d7c80000)
  from space 5120K, 0% used [0x00000000d7c80000,0x00000000d7c80000,0x00000000d8180000)
  to   space 5120K, 0% used [0x00000000d8180000,0x00000000d8180000,0x00000000d8680000)
 ParOldGen       total 87552K, used 3044K [0x0000000081400000, 0x0000000086980000, 0x00000000d5c00000)
  object space 87552K, 3% used [0x0000000081400000,0x00000000816f9350,0x0000000086980000)
 Metaspace       used 5054K, capacity 5114K, committed 5248K, reserved 1056768K
  class space    used 533K, capacity 561K, committed 640K, reserved 1048576K
Event: 0.387 GC heap after
Heap after GC invocations=3 (full 1):
 PSYoungGen      total 38400K, used 4255K [0x00000000d5c00000, 0x00000000d8680000, 0x0000000100000000)
  eden space 33280K, 0% used [0x00000000d5c00000,0x00000000d5c00000,0x00000000d7c80000)
  from space 5120K, 83% used [0x00000000d8180000,0x00000000d85a7d00,0x00000000d8680000)
  to   space 5120K, 0% used [0x00000000d7c80000,0x00000000d7c80000,0x00000000d8180000)
 ParOldGen       total 87552K, used 3052K [0x0000000081400000, 0x0000000086980000, 0x00000000d5c00000)
  object space 87552K, 3% used [0x0000000081400000,0x00000000816fb350,0x0000000086980000)
 Metaspace       used 5054K, capacity 5114K, committed 5248K, reserved 1056768K
  class space    used 533K, capacity 561K, committed 640K, reserved 1048576K
}
Event: 0.387 GC heap before
{Heap before GC invocations=4 (full 2):
 PSYoungGen      total 38400K, used 4255K [0x00000000d5c00000, 0x00000000d8680000, 0x0000000100000000)
  eden space 33280K, 0% used [0x00000000d5c00000,0x00000000d5c00000,0x00000000d7c80000)
  from space 5120K, 83% used [0x00000000d8180000,0x00000000d85a7d00,0x00000000d8680000)
  to   space 5120K, 0% used [0x00000000d7c80000,0x00000000d7c80000,0x00000000d8180000)
 ParOldGen       total 87552K, used 3052K [0x0000000081400000, 0x0000000086980000, 0x00000000d5c00000)
  object space 87552K, 3% used [0x0000000081400000,0x00000000816fb350,0x0000000086980000)
 Metaspace       used 5054K, capacity 5114K, committed 5248K, reserved 1056768K
  class space    used 533K, capacity 561K, committed 640K, reserved 1048576K
Event: 0.408 GC heap after
Heap after GC invocations=4 (full 2):
 PSYoungGen      total 38400K, used 0K [0x00000000d5c00000, 0x00000000d8680000, 0x0000000100000000)
  eden space 33280K, 0% used [0x00000000d5c00000,0x00000000d5c00000,0x00000000d7c80000)
  from space 5120K, 0% used [0x00000000d8180000,0x00000000d8180000,0x00000000d8680000)
  to   space 5120K, 0% used [0x00000000d7c80000,0x00000000d7c80000,0x00000000d8180000)
 ParOldGen       total 87552K, used 6955K [0x0000000081400000, 0x0000000086980000, 0x00000000d5c00000)
  object space 87552K, 7% used [0x0000000081400000,0x0000000081acaee0,0x0000000086980000)
 Metaspace       used 5054K, capacity 5114K, committed 5248K, reserved 1056768K
  class space    used 533K, capacity 561K, committed 640K, reserved 1048576K
}
Event: 19.067 GC heap before
{Heap before GC invocations=5 (full 2):
 PSYoungGen      total 38400K, used 33280K [0x00000000d5c00000, 0x00000000d8680000, 0x0000000100000000)
  eden space 33280K, 100% used [0x00000000d5c00000,0x00000000d7c80000,0x00000000d7c80000)
  from space 5120K, 0% used [0x00000000d8180000,0x00000000d8180000,0x00000000d8680000)
  to   space 5120K, 0% used [0x00000000d7c80000,0x00000000d7c80000,0x00000000d8180000)
 ParOldGen       total 87552K, used 6955K [0x0000000081400000, 0x0000000086980000, 0x00000000d5c00000)
  object space 87552K, 7% used [0x0000000081400000,0x0000000081acaee0,0x0000000086980000)
 Metaspace       used 17401K, capacity 17574K, committed 17920K, reserved 1064960K
  class space    used 2230K, capacity 2288K, committed 2304K, reserved 1048576K
Event: 19.073 GC heap after
Heap after GC invocations=5 (full 2):
 PSYoungGen      total 38400K, used 5116K [0x00000000d5c00000, 0x00000000d8680000, 0x0000000100000000)
  eden space 33280K, 0% used [0x00000000d5c00000,0x00000000d5c00000,0x00000000d7c80000)
  from space 5120K, 99% used [0x00000000d7c80000,0x00000000d817f388,0x00000000d8180000)
  to   space 5120K, 0% used [0x00000000d8180000,0x00000000d8180000,0x00000000d8680000)
 ParOldGen       total 87552K, used 8137K [0x0000000081400000, 0x0000000086980000, 0x00000000d5c00000)
  object space 87552K, 9% used [0x0000000081400000,0x0000000081bf2450,0x0000000086980000)
 Metaspace       used 17401K, capacity 17574K, committed 17920K, reserved 1064960K
  class space    used 2230K, capacity 2288K, committed 2304K, reserved 1048576K
}

Deoptimization events (10 events):
Event: 1.432 Thread 0x0000000002790800 Uncommon trap: reason=bimorphic action=maybe_recompile pc=0x0000000002bc34e8 method=java.util.HashMap.putVal(ILjava/lang/Object;Ljava/lang/Object;ZZ)Ljava/lang/Object; @ 203
Event: 1.433 Thread 0x0000000002790800 Uncommon trap: reason=bimorphic action=maybe_recompile pc=0x0000000002b95888 method=java.util.HashMap.putVal(ILjava/lang/Object;Ljava/lang/Object;ZZ)Ljava/lang/Object; @ 203
Event: 1.514 Thread 0x000000001ae72800 Uncommon trap: reason=class_check action=maybe_recompile pc=0x0000000002bdb59c method=java.util.HashMap.putVal(ILjava/lang/Object;Ljava/lang/Object;ZZ)Ljava/lang/Object; @ 253
Event: 1.514 Thread 0x000000001ae72800 Uncommon trap: reason=class_check action=maybe_recompile pc=0x0000000002bdb59c method=java.util.HashMap.putVal(ILjava/lang/Object;Ljava/lang/Object;ZZ)Ljava/lang/Object; @ 253
Event: 1.514 Thread 0x000000001ae72800 Uncommon trap: reason=class_check action=maybe_recompile pc=0x0000000002bdb59c method=java.util.HashMap.putVal(ILjava/lang/Object;Ljava/lang/Object;ZZ)Ljava/lang/Object; @ 253
Event: 1.514 Thread 0x000000001ae72800 Uncommon trap: reason=class_check action=maybe_recompile pc=0x0000000002bdb59c method=java.util.HashMap.putVal(ILjava/lang/Object;Ljava/lang/Object;ZZ)Ljava/lang/Object; @ 253
Event: 1.514 Thread 0x000000001ae72800 Uncommon trap: reason=class_check action=maybe_recompile pc=0x0000000002bcf5d8 method=java.util.HashMap.putVal(ILjava/lang/Object;Ljava/lang/Object;ZZ)Ljava/lang/Object; @ 253
Event: 24.241 Thread 0x000000001ae72800 Uncommon trap: reason=unreached action=reinterpret pc=0x0000000002b03b34 method=java.util.HashMap.getNode(ILjava/lang/Object;)Ljava/util/HashMap$Node; @ 84
Event: 24.241 Thread 0x000000001ae72800 Uncommon trap: reason=unreached action=reinterpret pc=0x0000000002b07230 method=java.util.HashMap.getNode(ILjava/lang/Object;)Ljava/util/HashMap$Node; @ 84
Event: 24.275 Thread 0x000000001ae72800 Uncommon trap: reason=bimorphic action=maybe_recompile pc=0x0000000002d23824 method=java.util.concurrent.locks.AbstractQueuedSynchronizer.release(I)Z @ 2

Internal exceptions (10 events):
Event: 18.289 Thread 0x000000001ae72800 Exception <a 'java/security/PrivilegedActionException'> (0x00000000d6d04030) thrown at [D:\re\workspace\8-2-build-windows-amd64-cygwin\jdk8u20\1074\hotspot\src\share\vm\prims\jvm.cpp, line 1275]
Event: 18.290 Thread 0x000000001ae72800 Exception <a 'java/security/PrivilegedActionException'> (0x00000000d6d07998) thrown at [D:\re\workspace\8-2-build-windows-amd64-cygwin\jdk8u20\1074\hotspot\src\share\vm\prims\jvm.cpp, line 1275]
Event: 19.134 Thread 0x000000001ae72800 Exception <a 'java/security/PrivilegedActionException'> (0x00000000d5eab938) thrown at [D:\re\workspace\8-2-build-windows-amd64-cygwin\jdk8u20\1074\hotspot\src\share\vm\prims\jvm.cpp, line 1275]
Event: 19.136 Thread 0x000000001ae72800 Exception <a 'java/security/PrivilegedActionException'> (0x00000000d5eb70a0) thrown at [D:\re\workspace\8-2-build-windows-amd64-cygwin\jdk8u20\1074\hotspot\src\share\vm\prims\jvm.cpp, line 1275]
Event: 24.234 Thread 0x000000001ae72800 Exception <a 'java/lang/ArrayIndexOutOfBoundsException': 1> (0x00000000d5ee22c0) thrown at [D:\re\workspace\8-2-build-windows-amd64-cygwin\jdk8u20\1074\hotspot\src\share\vm\interpreter\interpreterRuntime.cpp, line 366]
Event: 24.235 Thread 0x000000001ae72800 Exception <a 'java/security/PrivilegedActionException'> (0x00000000d5ee3358) thrown at [D:\re\workspace\8-2-build-windows-amd64-cygwin\jdk8u20\1074\hotspot\src\share\vm\prims\jvm.cpp, line 1275]
Event: 24.236 Thread 0x000000001ae72800 Exception <a 'java/security/PrivilegedActionException'> (0x00000000d5ee66e8) thrown at [D:\re\workspace\8-2-build-windows-amd64-cygwin\jdk8u20\1074\hotspot\src\share\vm\prims\jvm.cpp, line 1275]
Event: 24.249 Thread 0x000000001ae72800 Exception <a 'java/security/PrivilegedActionException'> (0x00000000d5f59ff8) thrown at [D:\re\workspace\8-2-build-windows-amd64-cygwin\jdk8u20\1074\hotspot\src\share\vm\prims\jvm.cpp, line 1275]
Event: 24.251 Thread 0x000000001ae72800 Exception <a 'java/lang/ClassCastException': Model.AlgorithmSolution cannot be cast to java.lang.Integer> (0x00000000d5f610d8) thrown at [D:\re\workspace\8-2-build-windows-amd64-cygwin\jdk8u20\1074\hotspot\src\share\vm\interpreter\interpreterRuntime.cpp, lc  œÍF@
Event: 45.834 Thread 0x000000001ae72800 Exception <a 'java/lang/ArrayIndexOutOfBoundsException': 1> (0x00000000d7124c60) thrown at [D:\re\workspace\8-2-build-windows-amd64-cygwin\jdk8u20\1074\hotspot\src\share\vm\interpreter\interpreterRuntime.cpp, line 366]

Events (10 events):
Event: 24.278 loading class java/awt/geom/Rectangle2D$Double
Event: 24.278 loading class java/awt/geom/Rectangle2D$Double done
Event: 24.279 loading class javax/swing/plaf/nimbus/ImageScalingHelper$PaintType
Event: 24.279 loading class javax/swing/plaf/nimbus/ImageScalingHelper$PaintType done
Event: 24.279 loading class javax/swing/plaf/nimbus/ImageScalingHelper
Event: 24.279 loading class javax/swing/plaf/nimbus/ImageScalingHelper done
Event: 38.272 loading class java/awt/event/MouseWheelEvent
Event: 38.273 loading class java/awt/event/MouseWheelEvent done
Event: 40.128 Thread 0x000000001ae72800 DEOPT PACKING pc=0x0000000002d8b744 sp=0x000000001e68cbc0
Event: 40.128 Thread 0x000000001ae72800 DEOPT UNPACKING pc=0x00000000028d75bf sp=0x000000001e68c930 mode 0


Dynamic libraries:
0x00007ff7c2ca0000 - 0x00007ff7c2cd4000 	C:\Program Files\Java\jdk1.8.0_20\bin\java.exe
0x00007ffdd9030000 - 0x00007ffdd91dc000 	C:\WINDOWS\SYSTEM32\ntdll.dll
0x00007ffdd89d0000 - 0x00007ffdd8b0e000 	C:\WINDOWS\system32\KERNEL32.DLL
0x00007ffdd6250000 - 0x00007ffdd6365000 	C:\WINDOWS\system32\KERNELBASE.dll
0x00007ffdd4c40000 - 0x00007ffdd4cce000 	C:\WINDOWS\system32\apphelp.dll
0x00007ffdc8f80000 - 0x00007ffdc8fd3000 	C:\WINDOWS\AppPatch\AppPatch64\AcGenral.DLL
0x00007ffdd8250000 - 0x00007ffdd82fa000 	C:\WINDOWS\system32\msvcrt.dll
0x00007ffdd6020000 - 0x00007ffdd604e000 	C:\WINDOWS\SYSTEM32\SspiCli.dll
0x00007ffdd8be0000 - 0x00007ffdd8c34000 	C:\WINDOWS\system32\SHLWAPI.dll
0x00007ffdd8c40000 - 0x00007ffdd8db7000 	C:\WINDOWS\system32\USER32.dll
0x00007ffdd8dc0000 - 0x00007ffdd8f54000 	C:\WINDOWS\system32\ole32.dll
0x00007ffdd6d20000 - 0x00007ffdd824b000 	C:\WINDOWS\system32\SHELL32.dll
0x00007ffdd57a0000 - 0x00007ffdd57c1000 	C:\WINDOWS\SYSTEM32\USERENV.dll
0x00007ffdd68e0000 - 0x00007ffdd698a000 	C:\WINDOWS\system32\ADVAPI32.dll
0x00007ffdc7060000 - 0x00007ffdc707e000 	C:\WINDOWS\SYSTEM32\MPR.dll
0x00007ffdd69b0000 - 0x00007ffdd6af1000 	C:\WINDOWS\system32\RPCRT4.dll
0x00007ffdd8970000 - 0x00007ffdd89c9000 	C:\WINDOWS\SYSTEM32\sechost.dll
0x00007ffdd6b00000 - 0x00007ffdd6d11000 	C:\WINDOWS\SYSTEM32\combase.dll
0x00007ffdd8820000 - 0x00007ffdd896f000 	C:\WINDOWS\system32\GDI32.dll
0x00007ffdd6180000 - 0x00007ffdd6195000 	C:\WINDOWS\SYSTEM32\profapi.dll
0x00007ffdd4cd0000 - 0x00007ffdd4d82000 	C:\WINDOWS\SYSTEM32\SHCORE.dll
0x00007ffdd85f0000 - 0x00007ffdd8626000 	C:\WINDOWS\system32\IMM32.DLL
0x00007ffdd8360000 - 0x00007ffdd84b2000 	C:\WINDOWS\system32\MSCTF.dll
0x00007ffdd3ef0000 - 0x00007ffdd416b000 	C:\WINDOWS\WinSxS\amd64_microsoft.windows.common-controls_6595b64144ccf1df_6.0.9600.18006_none_623f33d3ecbe86e8\COMCTL32.dll
0x00000000550f0000 - 0x00000000551c2000 	C:\Program Files\Java\jdk1.8.0_20\jre\bin\msvcr100.dll
0x00000000551d0000 - 0x0000000055a28000 	C:\Program Files\Java\jdk1.8.0_20\jre\bin\server\jvm.dll
0x00007ffdcc480000 - 0x00007ffdcc489000 	C:\WINDOWS\SYSTEM32\WSOCK32.dll
0x00007ffdd3e10000 - 0x00007ffdd3e32000 	C:\WINDOWS\SYSTEM32\WINMM.dll
0x00007ffdd8630000 - 0x00007ffdd8637000 	C:\WINDOWS\system32\PSAPI.DLL
0x00007ffdd6880000 - 0x00007ffdd68da000 	C:\WINDOWS\system32\WS2_32.dll
0x00007ffdd3d20000 - 0x00007ffdd3d4a000 	C:\WINDOWS\SYSTEM32\WINMMBASE.dll
0x00007ffdd6860000 - 0x00007ffdd6869000 	C:\WINDOWS\system32\NSI.dll
0x00007ffdd6660000 - 0x00007ffdd66af000 	C:\WINDOWS\SYSTEM32\cfgmgr32.dll
0x00007ffdd4f70000 - 0x00007ffdd4f98000 	C:\WINDOWS\SYSTEM32\DEVOBJ.dll
0x00000000563c0000 - 0x00000000563cf000 	C:\Program Files\Java\jdk1.8.0_20\jre\bin\verify.dll
0x0000000055080000 - 0x00000000550a8000 	C:\Program Files\Java\jdk1.8.0_20\jre\bin\java.dll
0x00000000563a0000 - 0x00000000563b6000 	C:\Program Files\Java\jdk1.8.0_20\jre\bin\zip.dll
0x0000000054ea0000 - 0x0000000055038000 	C:\Program Files\Java\jdk1.8.0_20\jre\bin\awt.dll
0x00007ffdd8b10000 - 0x00007ffdd8bd1000 	C:\WINDOWS\system32\OLEAUT32.dll
0x00007ffdd4760000 - 0x00007ffdd4781000 	C:\WINDOWS\system32\DWMAPI.DLL
0x00007ffdd4df0000 - 0x00007ffdd4f19000 	C:\WINDOWS\system32\uxtheme.dll
0x00007ffdd4fe0000 - 0x00007ffdd4feb000 	C:\WINDOWS\SYSTEM32\kernel.appcore.dll
0x00007ffdd60c0000 - 0x00007ffdd60cb000 	C:\WINDOWS\SYSTEM32\CRYPTBASE.dll
0x00007ffdd6050000 - 0x00007ffdd60b3000 	C:\WINDOWS\SYSTEM32\bcryptPrimitives.dll
0x00007ffdc8200000 - 0x00007ffdc8421000 	C:\WINDOWS\system32\d3d9.dll
0x00007ffdd3e40000 - 0x00007ffdd3e4a000 	C:\WINDOWS\SYSTEM32\VERSION.dll
0x00007ffdb3370000 - 0x00007ffdb4b0c000 	C:\WINDOWS\SYSTEM32\igdumdim64.dll
0x00007ffdd0470000 - 0x00007ffdd0e39000 	C:\WINDOWS\SYSTEM32\igdusc64.dll
0x00007ffdd3850000 - 0x00007ffdd38f4000 	C:\WINDOWS\WinSxS\amd64_microsoft.windows.common-controls_6595b64144ccf1df_5.82.9600.17810_none_34ae2abd958aedeb\comctl32.dll
0x0000000054e50000 - 0x0000000054e97000 	C:\Program Files\Java\jdk1.8.0_20\jre\bin\fontmanager.dll
0x0000000055060000 - 0x000000005507a000 	C:\Program Files\Java\jdk1.8.0_20\jre\bin\net.dll
0x00007ffdd5a60000 - 0x00007ffdd5ab9000 	C:\WINDOWS\system32\mswsock.dll
0x0000000055040000 - 0x0000000055051000 	C:\Program Files\Java\jdk1.8.0_20\jre\bin\nio.dll
0x0000000054e00000 - 0x0000000054e41000 	C:\Program Files\Java\jdk1.8.0_20\jre\bin\t2k.dll
0x00007ffdd8f70000 - 0x00007ffdd9026000 	C:\WINDOWS\SYSTEM32\clbcatq.dll
0x00007ffdcfe60000 - 0x00007ffdcffdf000 	C:\WINDOWS\SYSTEM32\PROPSYS.dll
0x00007ffdbf4f0000 - 0x00007ffdbf68d000 	C:\WINDOWS\system32\NetworkExplorer.dll
0x00007ffdd8640000 - 0x00007ffdd881a000 	C:\WINDOWS\system32\SETUPAPI.dll
0x00007ffdd2f90000 - 0x00007ffdd2f9b000 	C:\WINDOWS\System32\drprov.dll
0x00007ffdd53e0000 - 0x00007ffdd543a000 	C:\WINDOWS\System32\WINSTA.dll
0x00007ffdc9c00000 - 0x00007ffdc9c17000 	C:\WINDOWS\System32\ntlanman.dll
0x00007ffdc8d20000 - 0x00007ffdc8d3f000 	C:\WINDOWS\System32\davclnt.dll
0x00007ffdd2b10000 - 0x00007ffdd2b1c000 	C:\WINDOWS\System32\DAVHLPR.dll
0x00007ffdd2ee0000 - 0x00007ffdd2ef7000 	C:\WINDOWS\System32\wkscli.dll
0x00007ffdc9be0000 - 0x00007ffdc9bf2000 	C:\WINDOWS\SYSTEM32\cscapi.dll
0x00007ffdd5440000 - 0x00007ffdd544c000 	C:\WINDOWS\System32\netutils.dll
0x00007ffdbb580000 - 0x00007ffdbb5fb000 	C:\WINDOWS\System32\dlnashext.dll
0x00007ffdc8c50000 - 0x00007ffdc8c9e000 	C:\Windows\System32\PlayToDevice.dll
0x00007ffdd5ac0000 - 0x00007ffdd5ae0000 	C:\WINDOWS\SYSTEM32\CRYPTSP.dll
0x00007ffdd5690000 - 0x00007ffdd56c6000 	C:\WINDOWS\system32\rsaenh.dll
0x00007ffdd5d10000 - 0x00007ffdd5d36000 	C:\WINDOWS\SYSTEM32\bcrypt.dll
0x00007ffdbb560000 - 0x00007ffdbb57e000 	C:\Windows\System32\DevDispItemProvider.dll
0x00007ffdd1290000 - 0x00007ffdd12ba000 	C:\WINDOWS\SYSTEM32\IPHLPAPI.DLL
0x00007ffdd27c0000 - 0x00007ffdd27ca000 	C:\WINDOWS\SYSTEM32\WINNSI.DLL
0x00007ffdd0f50000 - 0x00007ffdd0f66000 	C:\WINDOWS\SYSTEM32\dhcpcsvc6.DLL
0x00007ffdd1010000 - 0x00007ffdd102a000 	C:\WINDOWS\SYSTEM32\dhcpcsvc.DLL
0x00007ffdca8b0000 - 0x00007ffdca8f3000 	C:\WINDOWS\System32\netprofm.dll
0x00007ffdc96c0000 - 0x00007ffdc96ce000 	C:\WINDOWS\System32\npmproxy.dll
0x00007ffdb9450000 - 0x00007ffdb964d000 	C:\WINDOWS\system32\wpdshext.dll
0x00007ffdd3910000 - 0x00007ffdd3ac0000 	C:\WINDOWS\WinSxS\amd64_microsoft.windows.gdiplus_6595b64144ccf1df_1.1.9600.17415_none_932b3b5547500489\gdiplus.dll
0x00007ffdcd710000 - 0x00007ffdcd9d3000 	C:\Windows\System32\actxprxy.dll
0x00007ffdc9140000 - 0x00007ffdc91f4000 	C:\WINDOWS\System32\PortableDeviceApi.dll
0x00007ffdd6550000 - 0x00007ffdd65a1000 	C:\WINDOWS\system32\WINTRUST.dll
0x00007ffdd6370000 - 0x00007ffdd654f000 	C:\WINDOWS\system32\CRYPT32.dll
0x00007ffdd6230000 - 0x00007ffdd6241000 	C:\WINDOWS\system32\MSASN1.dll
0x00007ffdbd840000 - 0x00007ffdbd877000 	C:\Windows\System32\EhStorShell.dll
0x00007ffdc8cf0000 - 0x00007ffdc8d16000 	C:\Windows\System32\EhStorAPI.dll
0x00007ffdd4d90000 - 0x00007ffdd4da2000 	C:\Windows\System32\WTSAPI32.dll
0x00007ffdc1810000 - 0x00007ffdc181d000 	C:\WINDOWS\SYSTEM32\LINKINFO.dll
0x00007ffdd2080000 - 0x00007ffdd222e000 	C:\WINDOWS\SYSTEM32\WindowsCodecs.dll
0x0000000054dc0000 - 0x0000000054dea000 	C:\Program Files\Java\jdk1.8.0_20\jre\bin\dcpr.dll
0x00007ffdc97b0000 - 0x00007ffdc9939000 	C:\WINDOWS\SYSTEM32\dbghelp.dll

VM Arguments:
jvm_args: -Dfile.encoding=UTF-8 
java_command: tspdiploma.TSPDiploma
java_class_path (initial): C:\Users\Krzysztof\Desktop\DiplomaProject\DiplomaProject\TSPDiploma\osm2po-core-5.1.0-signed.jar;C:\Users\Krzysztof\Desktop\DiplomaProject\DiplomaProject\TSPDiploma\build\classes
Launcher Type: SUN_STANDARD

Environment Variables:
PATH=C:\ProgramData\Oracle\Java\javapath;C:\Program Files (x86)\Intel\iCLS Client\;C:\Program Files\Intel\iCLS Client\;C:\WINDOWS\system32;C:\WINDOWS;C:\WINDOWS\System32\Wbem;C:\WINDOWS\System32\WindowsPowerShell\v1.0\;C:\Program Files\Intel\Intel(R) Management Engine Components\DAL;C:\Program Files\Intel\Intel(R) Management Engine Components\IPT;C:\Program Files (x86)\Intel\Intel(R) Management Engine Components\DAL;C:\Program Files (x86)\Intel\Intel(R) Management Engine Components\IPT;C:\Program Files\Intel\WiFi\bin\;C:\Program Files\Common Files\Intel\WirelessCommon\;C:\Program Files (x86)\Windows Kits\8.1\Windows Performance Toolkit\;C:\Program Files\Microsoft SQL Server\110\Tools\Binn\;C:\Program Files\Calibre2\;E:\Program Files\MATLAB\R2014a\runtime\win64;E:\Program Files\MATLAB\R2014a\bin;E:\Program Files\MATLAB\R2014a\polyspace\bin;C:\Program Files (x86)\NVIDIA Corporation\PhysX\Common;C:\Program Files (x86)\Skype\Phone\;C:\Program Files\Intel\WiFi\bin\;C:\Program Files\Common Files\Intel\WirelessCommon\;C:\Users\Krzysztof\Documents\NDK\android-ndk-r10e
USERNAME=Krzysztof
OS=Windows_NT
PROCESSOR_IDENTIFIER=Intel64 Family 6 Model 60 Stepping 3, GenuineIntel



---------------  S Y S T E M  ---------------

OS: Windows 8.1 , 64 bit Build 9600 

CPU:total 8 (4 cores per cpu, 2 threads per core) family 6 model 60 stepping 3, cmov, cx8, fxsr, mmx, sse, sse2, sse3, ssse3, sse4.1, sse4.2, popcnt, avx, avx2, aes, clmul, erms, lzcnt, ht, tsc, tscinvbit, bmi1, bmi2

Memory: 4k page, physical 8306096k(973124k free), swap 10403248k(55528k free)

vm_info: Java HotSpot(TM) 64-Bit Server VM (25.20-b23) for windows-amd64 JRE (1.8.0_20-b26), built on Jul 30 2014 13:51:23 by "java_re" with MS VC++ 10.0 (VS2010)

time: Sat Jan 07 17:31:08 2017
elapsed time: 45 seconds (0d 0h 0m 45s)

