#
# There is insufficient memory for the Java Runtime Environment to continue.
# Native memory allocation (malloc) failed to allocate 32744 bytes for ChunkPool::allocate
# Possible reasons:
#   The system is out of physical RAM or swap space
#   In 32 bit mode, the process size limit was hit
# Possible solutions:
#   Reduce memory load on the system
#   Increase physical memory or swap space
#   Check if swap backing store is full
#   Use 64 bit Java on a 64 bit OS
#   Decrease Java heap size (-Xmx/-Xms)
#   Decrease number of Java threads
#
#  Out of Memory Error
#
# ], id=10720, stack(0x000000001e0b0000,0x000000001e1b0000)]
  0x000000001abe0800 JavaThread "pool-2-thread-2" [_thread_blocked, id=2328, stack(0x000000001dfb0000,0x000000001e0b0000)]
  0x000000001adc0800 JavaThread "pool-2-thread-1" [_thread_blocked, id=11796, stack(0x000000001dc50000,0x000000001dd50000)]
  0x000000001ae2a800 JavaThread "D3D Screen Updater" daemon [_thread_blocked, id=11384, stack(0x000000001fe30000,0x000000001ff30000)]
  0x0000000002760800 JavaThread "DestroyJavaVM" [_thread_blocked, id=9916, stack(0x00000000025d0000,0x00000000026d0000)]
  0x000000001a9c6800 JavaThread "Swing-Shell" daemon [_thread_blocked, id=8816, stack(0x000000001e6a0000,0x000000001e7a0000)]
  0x000000001a9cf000 JavaThread "AWT-EventQueue-0" [_thread_blocked, id=11700, stack(0x000000001e540000,0x000000001e640000)]
  0x000000001abb3800 JavaThread "AWT-Windows" daemon [_thread_in_native, id=1988, stack(0x000000001c3c0000,0x000000001c4c0000)]
  0x000000001a774000 JavaThread "AWT-Shutdown" [_thread_blocked, id=8600, stack(0x000000001c2c0000,0x000000001c3c0000)]
  0x000000001ab46800 JavaThread "Java2D Disposer" daemon [_thread_blocked, id=11464, stack(0x000000001c1c0000,0x000000001c2c0000)]
  0x00000000198b0000 JavaThread "Service Thread" daemon [_thread_blocked, id=5236, stack(0x000000001a1f0000,0x000000001a2f0000)]
  0x0000000019822000 JavaThread "C1 CompilerThread3" daemon [_thread_blocked, id=11432, stack(0x000000001a0f0000,0x000000001a1f0000)]
  0x000000001981b800 JavaThread "C2 CompilerThread2" daemon [_thread_blocked, id=32, stack(0x0000000019ff0000,0x000000001a0f0000)]
  0x000000001981a000 JavaThread "C2 CompilerThread1" daemon [_thread_blocked, id=5556, stack(0x0000000019ef0000,0x0000000019ff0000)]
=>0x0000000019818000 JavaThread "C2 CompilerThread0" daemon [_thread_in_native, id=8464, stack(0x0000000019df0000,0x0000000019ef0000)]
  0x0000000019816800 JavaThread "Attach Listener" daemon [_thread_blocked, id=9596, stack(0x0000000019cf0000,0x0000000019df0000)]
  0x0000000019815800 JavaThread "Signal Dispatcher" daemon [_thread_blocked, id=7268, stack(0x0000000019bf0000,0x0000000019cf0000)]
  0x0000000002859800 JavaThread "Finalizer" daemon [_thread_blocked, id=7232, stack(0x00000000196f0000,0x00000000197f0000)]
  0x0000000002853800 JavaThread "Reference Handler" daemon [_thread_blocked, id=5316, stack(0x00000000195f0000,0x00000000196f0000)]

Other Threads:
  0x0000000017818000 VMThread [stack: 0x00000000194f0000,0x00000000195f0000] [id=9316]
  0x00000000198b1800 WatcherThread [stack: 0x000000001a2f0000,0x000000001a3f0000] [id=6660]

VM state:not at safepoint (normal execution)

VM Mutex/Monitor currently owned by a thread: None

Heap:
 PSYoungGen      total 38400K, used 21815K [0x00000000d5c00000, 0x00000000d8680000, 0x0000000100000000)
  eden space 33280K, 65% used [0x00000000d5c00000,0x00000000d714df80,0x00000000d7c80000)
  from space 5120K, 0% used [0x00000000d8180000,0x00000000d8180000,0x00000000d8680000)
  to   space 5120K, 0% used [0x00000000d7c80000,0x00000000d7c80000,0x00000000d8180000)
 ParOldGen       total 87552K, used 6953K [0x0000000081400000, 0x0000000086980000, 0x00000000d5c00000)
  object space 87552K, 7% used [0x0000000081400000,0x0000000081aca660,0x0000000086980000)
 Metaspace       used 17400K, capacity 17638K, committed 17920K, reserved 1064960K
  class space    used 2228K, capacity 2288K, committed 2304K, reserved 1048576K

Card table byte_map: [0x0000000011c20000,0x0000000012020000] byte_map_base: 0x0000000011816000

Marking Bits: (ParMarkBitMap*) 0x0000000065cbb460
 Begin Bits: [0x0000000012ad0000, 0x0000000014a80000)
 End Bits:   [0x0000000014a80000, 0x0000000016a30000)

Polling page: 0x0000000000f80000

CodeCache: size=245760Kb used=5156Kb max_used=5156Kb free=240603Kb
 bounds [0x0000000002860000, 0x0000000002d70000, 0x0000000011860000]
 total_blobs=2139 nmethods=1555 adapters=497
 compilation: enabled

Compilation events (10 events):
Event: 48.047 Thread 0x0000000019822000 1551       3       sun.font.GlyphList::ensureCapacity (79 bytes)
Event: 48.048 Thread 0x0000000019822000 nmethod 1551 0x0000000002d66fd0 code [0x0000000002d67140, 0x0000000002d67650]
Event: 48.474 Thread 0x0000000019822000 1553   !   3       sun.java2d.pipe.DrawImage::renderImageCopy (147 bytes)
Event: 48.476 Thread 0x0000000019822000 nmethod 1553 0x0000000002d67750 code [0x0000000002d67960, 0x0000000002d68898]
Event: 48.476 Thread 0x0000000019822000 1554       3       sun.java2d.pipe.DrawImage::blitSurfaceData (145 bytes)
Event: 48.477 Thread 0x0000000019822000 nmethod 1554 0x0000000002d68e90 code [0x0000000002d690e0, 0x0000000002d6a318]
Event: 49.582 Thread 0x0000000019818000 1555       4       java.security.AccessControlContext::optimize (318 bytes)
Event: 49.582 Thread 0x0000000019822000 1556       1       sun.util.locale.StringTokenIterator::isDone (5 bytes)
Event: 49.583 Thread 0x0000000019822000 nmethod 1556 0x0000000002d6ab90 code [0x0000000002d6ace0, 0x0000000002d6adf0]
Event: 49.584 Thread 0x0000000019822000 1557       3       sun.swing.SwingUtilities2::getFontMetrics (18 bytes)

GC Heap History (8 events):
Event: 0.391 GC heap before
{Heap before GC invocations=1 (full 0):
 PSYoungGen      total 38400K, used 6120K [0x00000000d5c00000, 0x00000000d8680000, 0x0000000100000000)
  eden space 33280K, 18% used [0x00000000d5c00000,0x00000000d61fa130,0x00000000d7c80000)
  from space 5120K, 0% used [0x00000000d8180000,0x00000000d8180000,0x00000000d8680000)
  to   space 5120K, 0% used [0x00000000d7c80000,0x00000000d7c80000,0x00000000d8180000)
 ParOldGen       total 87552K, used 0K [0x0000000081400000, 0x0000000086980000, 0x00000000d5c00000)
  object space 87552K, 0% used [0x0000000081400000,0x0000000081400000,0x0000000086980000)
 Metaspace       used 4147K, capacity 4724K, committed 4864K, reserved 1056768K
  class space    used 441K, capacity 496K, committed 512K, reserved 1048576K
Event: 0.394 GC heap after
Heap after GC invocations=1 (full 0):
 PSYoungGen      total 38400K, used 4263K [0x00000000d5c00000, 0x00000000d8680000, 0x0000000100000000)
  eden space 33280K, 0% used [0x00000000d5c00000,0x00000000d5c00000,0x00000000d7c80000)
  from space 5120K, 83% used [0x00000000d7c80000,0x00000000d80a9e78,0x00000000d8180000)
  to   space 5120K, 0% used [0x00000000d8180000,0x00000000d8180000,0x00000000d8680000)
 ParOldGen       total 87552K, used 8K [0x0000000081400000, 0x0000000086980000, 0x00000000d5c00000)
  object space 87552K, 0% used [0x0000000081400000,0x0000000081402000,0x0000000086980000)
 Metaspace       used 4147K, capacity 4724K, committed 4864K, reserved 1056768K
  class space    used 441K, capacity 496K, committed 512K, reserved 1048576K
}
Event: 0.394 GC heap before
{Heap before GC invocations=2 (full 1):
 PSYoungGen      total 38400K, used 4263K [0x00000000d5c00000, 0x00000000d8680000, 0x0000000100000000)
  eden space 33280K, 0% used [0x00000000d5c00000,0x00000000d5c00000,0x00000000d7c80000)
  from space 5120K, 83% used [0x00000000d7c80000,0x00000000d80a9e78,0x00000000d8180000)
  to   space 5120K, 0% used [0x00000000d8180000,0x00000000d8180000,0x00000000d8680000)
 ParOldGen       total 87552K, used 8K [0x0000000081400000, 0x0000000086980000, 0x00000000d5c00000)
  object space 87552K, 0% used [0x0000000081400000,0x0000000081402000,0x0000000086980000)
 Metaspace       used 4147K, capacity 4724K, committed 4864K, reserved 1056768K
  class space    used 441K, capacity 496K, committed 512K, reserved 1048576K
Event: 0.406 GC heap after
Heap after GC invocations=2 (full 1):
 PSYoungGen      total 38400K, used 0K [0x00000000d5c00000, 0x00000000d8680000, 0x0000000100000000)
  eden space 33280K, 0% used [0x00000000d5c00000,0x00000000d5c00000,0x00000000d7c80000)
  from space 5120K, 0% used [0x00000000d7c80000,0x00000000d7c80000,0x00000000d8180000)
  to   space 5120K, 0% used [0x00000000d8180000,0x00000000d8180000,0x00000000d8680000)
 ParOldGen       total 87552K, used 3043K [0x0000000081400000, 0x0000000086980000, 0x00000000d5c00000)
  object space 87552K, 3% used [0x0000000081400000,0x00000000816f8f90,0x0000000086980000)
 Metaspace       used 4147K, capacity 4724K, committed 4864K, reserved 1056768K
  class space    used 441K, capacity 496K, committed 512K, reserved 1048576K
}
Event: 0.571 GC heap before
{Heap before GC invocations=3 (full 1):
 PSYoungGen      total 38400K, used 5832K [0x00000000d5c00000, 0x00000000d8680000, 0x0000000100000000)
  eden space 33280K, 17% used [0x00000000d5c00000,0x00000000d61b20b0,0x00000000d7c80000)
  from space 5120K, 0% used [0x00000000d7c80000,0x00000000d7c80000,0x00000000d8180000)
  to   space 5120K, 0% used [0x00000000d8180000,0x00000000d8180000,0x00000000d8680000)
 ParOldGen       total 87552K, used 3043K [0x0000000081400000, 0x0000000086980000, 0x00000000d5c00000)
  object space 87552K, 3% used [0x0000000081400000,0x00000000816f8f90,0x0000000086980000)
 Metaspace       used 5058K, capacity 5178K, committed 5504K, reserved 1056768K
  class space    used 533K, capacity 561K, committed 640K, reserved 1048576K
Event: 0.574 GC heap after
Heap after GC invocations=3 (full 1):
 PSYoungGen      total 38400K, used 4287K [0x00000000d5c00000, 0x00000000d8680000, 0x0000000100000000)
  eden space 33280K, 0% used [0x00000000d5c00000,0x00000000d5c00000,0x00000000d7c80000)
  from space 5120K, 83% used [0x00000000d8180000,0x00000000d85afd00,0x00000000d8680000)
  to   space 5120K, 0% used [0x00000000d7c80000,0x00000000d7c80000,0x00000000d8180000)
 ParOldGen       total 87552K, used 3051K [0x0000000081400000, 0x0000000086980000, 0x00000000d5c00000)
  object space 87552K, 3% used [0x0000000081400000,0x00000000816faf90,0x0000000086980000)
 Metaspace       used 5058K, capacity 5178K, committed 5504K, reserved 1056768K
  class space    used 533K, capacity 561K, committed 640K, reserved 1048576K
}
Event: 0.574 GC heap before
{Heap before GC invocations=4 (full 2):
 PSYoungGen      total 38400K, used 4287K [0x00000000d5c00000, 0x00000000d8680000, 0x0000000100000000)
  eden space 33280K, 0% used [0x00000000d5c00000,0x00000000d5c00000,0x00000000d7c80000)
  from space 5120K, 83% used [0x00000000d8180000,0x00000000d85afd00,0x00000000d8680000)
  to   space 5120K, 0% used [0x00000000d7c80000,0x00000000d7c80000,0x00000000d8180000)
 ParOldGen       total 87552K, used 3051K [0x0000000081400000, 0x0000000086980000, 0x00000000d5c00000)
  object space 87552K, 3% used [0x0000000081400000,0x00000000816faf90,0x0000000086980000)
 Metaspace       used 5058K, capacity 5178K, committed 5504K, reserved 1056768K
  class space    used 533K, capacity 561K, committed 640K, reserved 1048576K
Event: 0.595 GC heap after
Heap after GC invocations=4 (full 2):
 PSYoungGen      total 38400K, used 0K [0x00000000d5c00000, 0x00000000d8680000, 0x0000000100000000)
  eden space 33280K, 0% used [0x00000000d5c00000,0x00000000d5c00000,0x00000000d7c80000)
  from space 5120K, 0% used [0x00000000d8180000,0x00000000d8180000,0x00000000d8680000)
  to   space 5120K, 0% used [0x00000000d7c80000,0x00000000d7c80000,0x00000000d8180000)
 ParOldGen       total 87552K, used 6953K [0x0000000081400000, 0x0000000086980000, 0x00000000d5c00000)
  object space 87552K, 7% used [0x0000000081400000,0x0000000081aca660,0x0000000086980000)
 Metaspace       used 5058K, capacity 5178K, committed 5504K, reserved 1056768K
  class space    used 533K, capacity 561K, committed 640K, reserved 1048576K
}

Deoptimization events (6 events):
Event: 1.170 Thread 0x0000000002760800 Uncommon trap: reason=unloaded action=reinterpret pc=0x000000000299fc90 method=java.lang.CharacterData.of(I)Ljava/lang/CharacterData; @ 96
Event: 1.560 Thread 0x0000000002760800 Uncommon trap: reason=bimorphic action=maybe_recompile pc=0x0000000002b5f2c8 method=java.util.HashMap.putVal(ILjava/lang/Object;Ljava/lang/Object;ZZ)Ljava/lang/Object; @ 203
Event: 1.560 Thread 0x0000000002760800 Uncommon trap: reason=bimorphic action=maybe_recompile pc=0x0000000002b5f2c8 method=java.util.HashMap.putVal(ILjava/lang/Object;Ljava/lang/Object;ZZ)Ljava/lang/Object; @ 203
Event: 1.561 Thread 0x0000000002760800 Uncommon trap: reason=bimorphic action=maybe_recompile pc=0x0000000002b5f2c8 method=java.util.HashMap.putVal(ILjava/lang/Object;Ljava/lang/Object;ZZ)Ljava/lang/Object; @ 203
Event: 1.564 Thread 0x0000000002760800 Uncommon trap: reason=bimorphic action=maybe_recompile pc=0x0000000002b5f2c8 method=java.util.HashMap.putVal(ILjava/lang/Object;Ljava/lang/Object;ZZ)Ljava/lang/Object; @ 203
Event: 1.567 Thread 0x0000000002760800 Uncommon trap: reason=bimorphic action=maybe_recompile pc=0x0000000002b94668 method=java.util.HashMap.putVal(ILjava/lang/Object;Ljava/lang/Object;ZZ)Ljava/lang/Object; @ 203

Internal exceptions (10 events):
Event: 1.920 Thread 0x000000001abe0800 Exception <a 'java/io/FileNotFoundException'> (0x00000000d6921bd8) thrown at [D:\re\workspace\8-2-build-windows-amd64-cygwin\jdk8u20\1074\hotspot\src\share\vm\prims\jni.cpp, line 716]
Event: 1.921 Thread 0x000000001abe0800 Exception <a 'java/io/FileNotFoundException'> (0x00000000d69224f8) thrown at [D:\re\workspace\8-2-build-windows-amd64-cygwin\jdk8u20\1074\hotspot\src\share\vm\prims\jni.cpp, line 716]
Event: 1.921 Thread 0x000000001abe0800 Exception <a 'java/io/FileNotFoundException'> (0x00000000d6922da8) thrown at [D:\re\workspace\8-2-build-windows-amd64-cygwin\jdk8u20\1074\hotspot\src\share\vm\prims\jni.cpp, line 716]
Event: 2.853 Thread 0x000000001a9cf000 Exception <a 'java/security/PrivilegedActionException'> (0x00000000d6abafb8) thrown at [D:\re\workspace\8-2-build-windows-amd64-cygwin\jdk8u20\1074\hotspot\src\share\vm\prims\jvm.cpp, line 1275]
Event: 3.356 Thread 0x000000001a9cf000 Exception <a 'java/security/PrivilegedActionException'> (0x00000000d6ac2a00) thrown at [D:\re\workspace\8-2-build-windows-amd64-cygwin\jdk8u20\1074\hotspot\src\share\vm\prims\jvm.cpp, line 1275]
Event: 3.357 Thread 0x000000001a9cf000 Exception <a 'java/security/PrivilegedActionException'> (0x00000000d6ac61d8) thrown at [D:\re\workspace\8-2-build-windows-amd64-cygwin\jdk8u20\1074\hotspot\src\share\vm\prims\jvm.cpp, line 1275]
Event: 3.359 Thread 0x000000001a9cf000 Exception <a 'java/security/PrivilegedActionException'> (0x00000000d6acb2d8) thrown at [D:\re\workspace\8-2-build-windows-amd64-cygwin\jdk8u20\1074\hotspot\src\share\vm\prims\jvm.cpp, line 1275]
Event: 3.361 Thread 0x000000001a9cf000 Exception <a 'java/security/PrivilegedActionException'> (0x00000000d6ad01b8) thrown at [D:\re\workspace\8-2-build-windows-amd64-cygwin\jdk8u20\1074\hotspot\src\share\vm\prims\jvm.cpp, line 1275]
Event: 3.362 Thread 0x000000001a9cf000 Exception <a 'java/security/PrivilegedActionException'> (0x00000000d6ad3908) thrown at [D:\re\workspace\8-2-build-windows-amd64-cygwin\jdk8u20\1074\hotspot\src\share\vm\prims\jvm.cpp, line 1275]
Event: 5.868 Thread 0x000000001a9cf000 Exception <a 'java/security/PrivilegedActionException'> (0x00000000d6b1eca8) thrown at [D:\re\workspace\8-2-build-windows-amd64-cygwin\jdk8u20\1074\hotspot\src\share\vm\prims\jvm.cpp, line 1275]

Events (10 events):
Event: 3.374 loading class sun/java2d/loops/ProcessPath$DrawProcessHandler done
Event: 4.208 Executing VM operation: EnableBiasedLocking
Event: 4.208 Executing VM operation: EnableBiasedLocking done
Event: 5.868 loading class org/openstreetmap/gui/jmapviewer/events/JMVCommandEvent$COMMAND
Event: 5.868 loading class org/openstreetmap/gui/jmapviewer/events/JMVCommandEvent$COMMAND done
Event: 5.899 Executing VM operation: RevokeBias
Event: 5.899 Executing VM operation: RevokeBias done
Event: 5.899 Executing VM operation: RevokeBias
Event: 5.900 Executing VM operation: RevokeBias done
Event: 6.471 Thread 0x000000001a863000 Thread exited: 0x000000001a863000


Dynamic libraries:
0x00007ff655ab0000 - 0x00007ff655ae4000 	C:\Program Files\Java\jdk1.8.0_20\bin\java.exe
0x00007ff805ec0000 - 0x00007ff80606c000 	C:\WINDOWS\SYSTEM32\ntdll.dll
0x00007ff804f20000 - 0x00007ff80505e000 	C:\WINDOWS\system32\KERNEL32.DLL
0x00007ff803240000 - 0x00007ff803355000 	C:\WINDOWS\system32\KERNELBASE.dll
0x00007ff801b90000 - 0x00007ff801c1e000 	C:\WINDOWS\system32\apphelp.dll
0x00007fffe8980000 - 0x00007fffe89d3000 	C:\WINDOWS\AppPatch\AppPatch64\AcGenral.DLL
0x00007ff805c10000 - 0x00007ff805cba000 	C:\WINDOWS\system32\msvcrt.dll
0x00007ff802eb0000 - 0x00007ff802ede000 	C:\WINDOWS\SYSTEM32\SspiCli.dll
0x00007ff805350000 - 0x00007ff8053a4000 	C:\WINDOWS\system32\SHLWAPI.dll
0x00007ff8051d0000 - 0x00007ff805347000 	C:\WINDOWS\system32\USER32.dll
0x00007ff805cc0000 - 0x00007ff805e54000 	C:\WINDOWS\system32\ole32.dll
0x00007ff803890000 - 0x00007ff804dbb000 	C:\WINDOWS\system32\SHELL32.dll
0x00007ff802630000 - 0x00007ff802651000 	C:\WINDOWS\SYSTEM32\USERENV.dll
0x00007ff805a90000 - 0x00007ff805b3a000 	C:\WINDOWS\system32\ADVAPI32.dll
0x00007ffff64e0000 - 0x00007ffff64fe000 	C:\WINDOWS\SYSTEM32\MPR.dll
0x00007ff8053b0000 - 0x00007ff8054f1000 	C:\WINDOWS\system32\RPCRT4.dll
0x00007ff803760000 - 0x00007ff8037b9000 	C:\WINDOWS\SYSTEM32\sechost.dll
0x00007ff803540000 - 0x00007ff803751000 	C:\WINDOWS\SYSTEM32\combase.dll
0x00007ff805500000 - 0x00007ff80564f000 	C:\WINDOWS\system32\GDI32.dll
0x00007ff803010000 - 0x00007ff803025000 	C:\WINDOWS\SYSTEM32\profapi.dll
0x00007ff801ad0000 - 0x00007ff801b82000 	C:\WINDOWS\SYSTEM32\SHCORE.dll
0x00007ff805830000 - 0x00007ff805866000 	C:\WINDOWS\system32\IMM32.DLL
0x00007ff804dc0000 - 0x00007ff804f12000 	C:\WINDOWS\system32\MSCTF.dll
0x00007ff800d80000 - 0x00007ff800ffb000 	C:\WINDOWS\WinSxS\amd64_microsoft.windows.common-controls_6595b64144ccf1df_6.0.9600.18006_none_623f33d3ecbe86e8\COMCTL32.dll
0x0000000065400000 - 0x00000000654d2000 	C:\Program Files\Java\jdk1.8.0_20\jre\bin\msvcr100.dll
0x00000000654e0000 - 0x0000000065d38000 	C:\Program Files\Java\jdk1.8.0_20\jre\bin\server\jvm.dll
0x00007ffff92f0000 - 0x00007ffff92f9000 	C:\WINDOWS\SYSTEM32\WSOCK32.dll
0x00007ff800ca0000 - 0x00007ff800cc2000 	C:\WINDOWS\SYSTEM32\WINMM.dll
0x00007ff805b40000 - 0x00007ff805b47000 	C:\WINDOWS\system32\PSAPI.DLL
0x00007ff805e60000 - 0x00007ff805eba000 	C:\WINDOWS\system32\WS2_32.dll
0x00007ff800bb0000 - 0x00007ff800bda000 	C:\WINDOWS\SYSTEM32\WINMMBASE.dll
0x00007ff8050f0000 - 0x00007ff8050f9000 	C:\WINDOWS\system32\NSI.dll
0x00007ff803190000 - 0x00007ff8031df000 	C:\WINDOWS\SYSTEM32\cfgmgr32.dll
0x00007ff801e00000 - 0x00007ff801e28000 	C:\WINDOWS\SYSTEM32\DEVOBJ.dll
0x00000000653b0000 - 0x00000000653bf000 	C:\Program Files\Java\jdk1.8.0_20\jre\bin\verify.dll
0x0000000065380000 - 0x00000000653a8000 	C:\Program Files\Java\jdk1.8.0_20\jre\bin\java.dll
0x0000000065360000 - 0x0000000065376000 	C:\Program Files\Java\jdk1.8.0_20\jre\bin\zip.dll
0x0000000065180000 - 0x0000000065318000 	C:\Program Files\Java\jdk1.8.0_20\jre\bin\awt.dll
0x00007ff8037c0000 - 0x00007ff803881000 	C:\WINDOWS\system32\OLEAUT32.dll
0x00007ff801360000 - 0x00007ff801381000 	C:\WINDOWS\system32\DWMAPI.DLL
0x00007ff801c80000 - 0x00007ff801da9000 	C:\WINDOWS\system32\uxtheme.dll
0x00007ff801e70000 - 0x00007ff801e7b000 	C:\WINDOWS\SYSTEM32\kernel.appcore.dll
0x00007ff802f50000 - 0x00007ff802f5b000 	C:\WINDOWS\SYSTEM32\CRYPTBASE.dll
0x00007ff802ee0000 - 0x00007ff802f43000 	C:\WINDOWS\SYSTEM32\bcryptPrimitives.dll
0x00007fffe5f50000 - 0x00007fffe6171000 	C:\WINDOWS\system32\d3d9.dll
0x00007ff800cd0000 - 0x00007ff800cda000 	C:\WINDOWS\SYSTEM32\VERSION.dll
0x00007fffd9630000 - 0x00007fffdadcc000 	C:\WINDOWS\SYSTEM32\igdumdim64.dll
0x00007ffffcf90000 - 0x00007ffffd959000 	C:\WINDOWS\SYSTEM32\igdusc64.dll
0x00007ff8006f0000 - 0x00007ff800794000 	C:\WINDOWS\WinSxS\amd64_microsoft.windows.common-controls_6595b64144ccf1df_5.82.9600.17810_none_34ae2abd958aedeb\comctl32.dll
0x0000000065130000 - 0x0000000065177000 	C:\Program Files\Java\jdk1.8.0_20\jre\bin\fontmanager.dll
0x0000000065340000 - 0x000000006535a000 	C:\Program Files\Java\jdk1.8.0_20\jre\bin\net.dll
0x00007ff8028f0000 - 0x00007ff802949000 	C:\WINDOWS\system32\mswsock.dll
0x0000000065320000 - 0x0000000065331000 	C:\Program Files\Java\jdk1.8.0_20\jre\bin\nio.dll
0x00000000650e0000 - 0x0000000065121000 	C:\Program Files\Java\jdk1.8.0_20\jre\bin\t2k.dll
0x00007ff805b50000 - 0x00007ff805c06000 	C:\WINDOWS\SYSTEM32\clbcatq.dll
0x00007ffffcc80000 - 0x00007ffffcdff000 	C:\WINDOWS\SYSTEM32\PROPSYS.dll
0x00007ffff4450000 - 0x00007ffff45ed000 	C:\WINDOWS\system32\NetworkExplorer.dll
0x00007ff805650000 - 0x00007ff80582a000 	C:\WINDOWS\system32\SETUPAPI.dll
0x00007ffff6260000 - 0x00007ffff626b000 	C:\WINDOWS\System32\drprov.dll
0x00007ff802270000 - 0x00007ff8022ca000 	C:\WINDOWS\System32\WINSTA.dll
0x00007ffff6240000 - 0x00007ffff6257000 	C:\WINDOWS\System32\ntlanman.dll
0x00007ffff6220000 - 0x00007ffff623f000 	C:\WINDOWS\System32\davclnt.dll
0x00007ffff6210000 - 0x00007ffff621c000 	C:\WINDOWS\System32\DAVHLPR.dll
0x00007fffffaa0000 - 0x00007fffffab7000 	C:\WINDOWS\System32\wkscli.dll
0x00007ffff6b40000 - 0x00007ffff6b52000 	C:\WINDOWS\SYSTEM32\cscapi.dll
0x00007ff8022d0000 - 0x00007ff8022dc000 	C:\WINDOWS\System32\netutils.dll
0x00007ffff6190000 - 0x00007ffff620b000 	C:\WINDOWS\System32\dlnashext.dll
0x00007fffe4dd0000 - 0x00007fffe4e1e000 	C:\Windows\System32\PlayToDevice.dll
0x00007ff802950000 - 0x00007ff802970000 	C:\WINDOWS\SYSTEM32\CRYPTSP.dll
0x00007ff802520000 - 0x00007ff802556000 	C:\WINDOWS\system32\rsaenh.dll
0x00007ff802ba0000 - 0x00007ff802bc6000 	C:\WINDOWS\SYSTEM32\bcrypt.dll
0x00007ffff6120000 - 0x00007ffff613e000 	C:\Windows\System32\DevDispItemProvider.dll
0x00007fffff190000 - 0x00007fffff1ba000 	C:\WINDOWS\SYSTEM32\IPHLPAPI.DLL
0x00007fffff170000 - 0x00007fffff17a000 	C:\WINDOWS\SYSTEM32\WINNSI.DLL
0x00007ffffdc40000 - 0x00007ffffdc56000 	C:\WINDOWS\SYSTEM32\dhcpcsvc6.DLL
0x00007fffff810000 - 0x00007fffff82a000 	C:\WINDOWS\SYSTEM32\dhcpcsvc.DLL
0x00007ffff73e0000 - 0x00007ffff7423000 	C:\WINDOWS\System32\netprofm.dll
0x00007fffff920000 - 0x00007fffff92e000 	C:\WINDOWS\System32\npmproxy.dll
0x00007fffdfa40000 - 0x00007fffdfc3d000 	C:\WINDOWS\system32\wpdshext.dll
0x00007ff800810000 - 0x00007ff8009c0000 	C:\WINDOWS\WinSxS\amd64_microsoft.windows.gdiplus_6595b64144ccf1df_1.1.9600.17415_none_932b3b5547500489\gdiplus.dll
0x00007fffed660000 - 0x00007fffed714000 	C:\WINDOWS\System32\PortableDeviceApi.dll
0x00007ff8031e0000 - 0x00007ff803231000 	C:\WINDOWS\system32\WINTRUST.dll
0x00007ff803360000 - 0x00007ff80353f000 	C:\WINDOWS\system32\CRYPT32.dll
0x00007ff8030c0000 - 0x00007ff8030d1000 	C:\WINDOWS\system32\MSASN1.dll
0x00007ffff2050000 - 0x00007ffff2087000 	C:\Windows\System32\EhStorShell.dll
0x00007fffe88f0000 - 0x00007fffe8916000 	C:\Windows\System32\EhStorAPI.dll
0x00007ff801c20000 - 0x00007ff801c32000 	C:\Windows\System32\WTSAPI32.dll
0x00007ffff4640000 - 0x00007ffff464d000 	C:\WINDOWS\SYSTEM32\LINKINFO.dll
0x00007ffffec60000 - 0x00007ffffee0e000 	C:\WINDOWS\SYSTEM32\WindowsCodecs.dll

VM Arguments:
jvm_args: -Dfile.encoding=UTF-8 
java_command: tspdiploma.TSPDiploma
java_class_path (initial): C:\Users\Krzysztof\Desktop\DiplomaProject\DiplomaProject\TSPDiploma\osm2po-core-5.1.0-signed.jar;C:\Users\Krzysztof\Desktop\DiplomaProject\DiplomaProject\TSPDiploma\build\classes
Launcher Type: SUN_STANDARD

Environment Variables:
PATH=C:\ProgramData\Oracle\Java\javapath;C:\Program Files (x86)\Intel\iCLS Client\;C:\Program Files\Intel\iCLS Client\;C:\WINDOWS\system32;C:\WINDOWS;C:\WINDOWS\System32\Wbem;C:\WINDOWS\System32\WindowsPowerShell\v1.0\;C:\Program Files\Intel\Intel(R) Management Engine Components\DAL;C:\Program Files\Intel\Intel(R) Management Engine Components\IPT;C:\Program Files (x86)\Intel\Intel(R) Management Engine Components\DAL;C:\Program Files (x86)\Intel\Intel(R) Management Engine Components\IPT;C:\Program Files\Intel\WiFi\bin\;C:\Program Files\Common Files\Intel\WirelessCommon\;C:\Program Files (x86)\Windows Kits\8.1\Windows Performance Toolkit\;C:\Program Files\Microsoft SQL Server\110\Tools\Binn\;C:\Program Files\Calibre2\;E:\Program Files\MATLAB\R2014a\runtime\win64;E:\Program Files\MATLAB\R2014a\bin;E:\Program Files\MATLAB\R2014a\polyspace\bin;C:\Program Files (x86)\NVIDIA Corporation\PhysX\Common;C:\Program Files (x86)\Skype\Phone\;C:\Program Files\Intel\WiFi\bin\;C:\Program Files\Common Files\Intel\WirelessCommon\;C:\Users\Krzysztof\Documents\NDK\android-ndk-r10e
USERNAME=Krzysztof
OS=Windows_NT
PROCESSOR_IDENTIFIER=Intel64 Family 6 Model 60 Stepping 3, GenuineIntel



---------------  S Y S T E M  ---------------

OS: Windows 8.1 , 64 bit Build 9600 

CPU:total 8 (4 cores per cpu, 2 threads per core) family 6 model 60 stepping 3, cmov, cx8, fxsr, mmx, sse, sse2, sse3, ssse3, sse4.1, sse4.2, popcnt, avx, avx2, aes, clmul, erms, lzcnt, ht, tsc, tscinvbit, bmi1, bmi2

Memory: 4k page, physical 8306096k(928104k free), swap 10403248k(4668k free)

vm_info: Java HotSpot(TM) 64-Bit Server VM (25.20-b23) for windows-amd64 JRE (1.8.0_20-b26), built on Jul 30 2014 13:51:23 by "java_re" with MS VC++ 10.0 (VS2010)

time: Fri Jan 06 19:51:30 2017
elapsed time: 49 seconds (0d 0h 0m 49s)

