#
# There is insufficient memory for the Java Runtime Environment to continue.
# Native memory allocation (malloc) failed to allocate 32744 bytes for ChunkPool::allocate
# Possible reasons:
#   The system is out of physical RAM or swap space
#   In 32 bit mode, the process size limit was hit
# Possible solutions:
#   Reduce memory load on the system
#   Increase physical memory or swap space
#   Check if swap backing store is full
#   Use 64 bit Java on a 64 bit OS
#   Decrease Java heap size (-Xmx/-Xms)
#   Decrease number of Java threads
#   Decrease Java thread stack sizes (-Xss)
#   Set larger code cache with -XX:ReservedCodeCacheSize=
# This output file may be truncated or incomplete.
#
#  Out of Memory Error (allocation.cpp:273), pid=11420, tid=11288
#
# JRE version: Java(TM) SE Runtime Environment (8.0_20-b26) (build 1.8.0_20-b26)
# Java VM: Java HotSpot(TM) 64-Bit Server VM (25.20-b23 mixed mode windows-amd64 compressed oops)
# Failed to write core dump. Minidumps are not enabled by default on client versions of Windows
#

---------------  T H R E A D  ---------------

Current thread (0x0000000018ea0800):  JavaThread "C1 CompilerThread3" daemon [_thread_in_native, id=11288, stack(0x0000000019720000,0x0000000019820000)]

Stack: [0x0000000019720000,0x0000000019820000]
Native frames: (J=compiled Java code, j=interpreted, Vv=VM code, C=native code)
V  [jvm.dll+0x3152fa]
V  [jvm.dll+0x265d03]
V  [jvm.dll+0x266943]
V  [jvm.dll+0x25e265]
V  [jvm.dll+0xbdfb1]
V  [jvm.dll+0xbe6fc]
V  [jvm.dll+0x403f3f]
V  [jvm.dll+0x40943a]
V  [jvm.dll+0x40b653]
V  [jvm.dll+0x40cdd9]
V  [jvm.dll+0x40d264]
V  [jvm.dll+0x3ebe90]
V  [jvm.dll+0x3ec260]
V  [jvm.dll+0x3ec392]
V  [jvm.dll+0x3ec55e]
V  [jvm.dll+0x3ec75f]
V  [jvm.dll+0x97b62]
V  [jvm.dll+0x98353]
V  [jvm.dll+0x22aac4]
V  [jvm.dll+0x283f5a]
C  [msvcr100.dll+0x21d9f]
C  [msvcr100.dll+0x21e3b]
C  [KERNEL32.DLL+0x13d2]
C  [ntdll.dll+0x15454]


Current CompileTask:
C1:  38719 2149   !   3       java.awt.DefaultKeyboardFocusManager::dispatchEvent (1589 bytes)


---------------  P R O C E S S  ---------------

Java Threads: ( => current thread )
  0x0000000019b78800 JavaThread "TimerQueue" daemon [_thread_blocked, id=9040, stack(0x000000001d280000,0x000000001d380000)]
  0x000000001a21a000 JavaThread "pool-1-thread-3" [_thread_blocked, id=12924, stack(0x000000001f580000,0x000000001f680000)]
  0x000000001a219800 JavaThread "pool-1-thread-2" [_thread_blocked, id=11880, stack(0x000000001f480000,0x000000001f580000)]
  0x000000001a38a800 JavaThread "pool-1-thread-1" [_thread_blocked, id=13208, stack(0x000000001f380000,0x000000001f480000)]
  0x000000001a379000 JavaThread "D3D Screen Updater" daemon [_thread_blocked, id=11072, stack(0x000000001e7e0000,0x000000001e8e0000)]
  0x0000000001d90800 JavaThread "DestroyJavaVM" [_thread_blocked, id=4188, stack(0x0000000001c50000,0x0000000001d50000)]
  0x000000001a117000 JavaThread "AWT-EventQueue-0" [_thread_blocked, id=11548, stack(0x000000001da70000,0x000000001db70000)]
  0x0000000019fa2000 JavaThread "AWT-Windows" daemon [_thread_in_native, id=7904, stack(0x000000001b9f0000,0x000000001baf0000)]
  0x0000000019f9f800 JavaThread "AWT-Shutdown" [_thread_blocked, id=6132, stack(0x000000001b8f0000,0x000000001b9f0000)]
  0x000000001a01a000 JavaThread "Java2D Disposer" daemon [_thread_blocked, id=11644, stack(0x000000001b7f0000,0x000000001b8f0000)]
  0x0000000018eab800 JavaThread "Service Thread" daemon [_thread_blocked, id=5196, stack(0x0000000019820000,0x0000000019920000)]
=>0x0000000018ea0800 JavaThread "C1 CompilerThread3" daemon [_thread_in_native, id=11288, stack(0x0000000019720000,0x0000000019820000)]
  0x0000000018e9d800 JavaThread "C2 CompilerThread2" daemon [_thread_blocked, id=11600, stack(0x0000000019620000,0x0000000019720000)]
  0x0000000018e96800 JavaThread "C2 CompilerThread1" daemon [_thread_blocked, id=13032, stack(0x0000000019520000,0x0000000019620000)]
  0x0000000018e47000 JavaThread "C2 CompilerThread0" daemon [_thread_blocked, id=11996, stack(0x0000000019420000,0x0000000019520000)]
  0x0000000018e45800 JavaThread "Attach Listener" daemon [_thread_blocked, id=11820, stack(0x0000000019320000,0x0000000019420000)]
  0x0000000016e5e000 JavaThread "Signal Dispatcher" daemon [_thread_blocked, id=7452, stack(0x0000000019220000,0x0000000019320000)]
  0x0000000001e88000 JavaThread "Finalizer" daemon [_thread_blocked, id=12360, stack(0x0000000018d20000,0x0000000018e20000)]
  0x0000000001e81000 JavaThread "Reference Handler" daemon [_thread_blocked, id=11648, stack(0x0000000018c20000,0x0000000018d20000)]

Other Threads:
  0x0000000016e48800 VMThread [stack: 0x0000000018b20000,0x0000000018c20000] [id=12960]
  0x0000000018ead000 WatcherThread [stack: 0x0000000019920000,0x0000000019a20000] [id=6172]

VM state:not at safepoint (normal execution)

VM Mutex/Monitor currently owned by a thread: None

Heap:
 PSYoungGen      total 151040K, used 106795K [0x00000000d5c00000, 0x00000000e1100000, 0x0000000100000000)
  eden space 129024K, 65% used [0x00000000d5c00000,0x00000000daee6770,0x00000000dda00000)
  from space 22016K, 99% used [0x00000000df380000,0x00000000e08e4798,0x00000000e0900000)
  to   space 26112K, 0% used [0x00000000dda00000,0x00000000dda00000,0x00000000df380000)
 ParOldGen       total 87552K, used 45941K [0x0000000081400000, 0x0000000086980000, 0x00000000d5c00000)
  object space 87552K, 52% used [0x0000000081400000,0x00000000840dd678,0x0000000086980000)
 Metaspace       used 16457K, capacity 16624K, committed 16896K, reserved 1067008K
  class space    used 1989K, capacity 2029K, committed 2048K, reserved 1048576K

Card table byte_map: [0x0000000011250000,0x0000000011650000] byte_map_base: 0x0000000010e46000

Marking Bits: (ParMarkBitMap*) 0x0000000063b3b460
 Begin Bits: [0x0000000012100000, 0x00000000140b0000)
 End Bits:   [0x00000000140b0000, 0x0000000016060000)

Polling page: 0x00000000004a0000

CodeCache: size=245760Kb used=6514Kb max_used=6514Kb free=239245Kb
 bounds [0x0000000001e90000, 0x0000000002500000, 0x0000000010e90000]
 total_blobs=2591 nmethods=2022 adapters=482
 compilation: enabled

Compilation events (10 events):
Event: 37.873 Thread 0x0000000018ea0800 nmethod 2144 0x00000000021b93d0 code [0x00000000021b95e0, 0x00000000021ba1f8]
Event: 37.873 Thread 0x0000000018ea0800 2146       3       sun.awt.SunHints$Value::get (8 bytes)
Event: 37.873 Thread 0x0000000018ea0800 nmethod 2146 0x00000000024e2cd0 code [0x00000000024e2e40, 0x00000000024e2fd0]
Event: 37.873 Thread 0x0000000018ea0800 2143  s    3       sun.awt.SunToolkit::getSunAwtDisableMixing (32 bytes)
Event: 37.874 Thread 0x0000000018ea0800 nmethod 2143 0x00000000024e2390 code [0x00000000024e2520, 0x00000000024e2b28]
Event: 38.304 Thread 0x0000000018ea0800 2147       3       java.awt.Container::updateGraphicsData (59 bytes)
Event: 38.304 Thread 0x0000000018ea0800 nmethod 2147 0x00000000024e1510 code [0x00000000024e1700, 0x00000000024e2068]
Event: 38.304 Thread 0x0000000018ea0800 2148       3       java.awt.Component::updateGraphicsData (38 bytes)
Event: 38.305 Thread 0x0000000018ea0800 nmethod 2148 0x00000000024e0b90 code [0x00000000024e0d40, 0x00000000024e1368]
Event: 38.636 Thread 0x0000000018ea0800 2149   !   3       java.awt.DefaultKeyboardFocusManager::dispatchEvent (1589 bytes)

GC Heap History (10 events):
Event: 4.916 GC heap before
{Heap before GC invocations=6 (full 2):
 PSYoungGen      total 38400K, used 37158K [0x00000000d5c00000, 0x00000000d8680000, 0x0000000100000000)
  eden space 33280K, 100% used [0x00000000d5c00000,0x00000000d7c80000,0x00000000d7c80000)
  from space 5120K, 75% used [0x00000000d7c80000,0x00000000d80499c8,0x00000000d8180000)
  to   space 5120K, 0% used [0x00000000d8180000,0x00000000d8180000,0x00000000d8680000)
 ParOldGen       total 87552K, used 6960K [0x0000000081400000, 0x0000000086980000, 0x00000000d5c00000)
  object space 87552K, 7% used [0x0000000081400000,0x0000000081acc2e0,0x0000000086980000)
 Metaspace       used 15560K, capacity 15752K, committed 15872K, reserved 1062912K
  class space    used 1941K, capacity 1997K, committed 2048K, reserved 1048576K
Event: 4.941 GC heap after
Heap after GC invocations=6 (full 2):
 PSYoungGen      total 38400K, used 5118K [0x00000000d5c00000, 0x00000000da700000, 0x0000000100000000)
  eden space 33280K, 0% used [0x00000000d5c00000,0x00000000d5c00000,0x00000000d7c80000)
  from space 5120K, 99% used [0x00000000d8180000,0x00000000d867f8f8,0x00000000d8680000)
  to   space 5120K, 0% used [0x00000000d7c80000,0x00000000d7c80000,0x00000000d8180000)
 ParOldGen       total 87552K, used 14883K [0x0000000081400000, 0x0000000086980000, 0x00000000d5c00000)
  object space 87552K, 16% used [0x0000000081400000,0x0000000082288ee8,0x0000000086980000)
 Metaspace       used 15560K, capacity 15752K, committed 15872K, reserved 1062912K
  class space    used 1941K, capacity 1997K, committed 2048K, reserved 1048576K
}
Event: 5.177 GC heap before
{Heap before GC invocations=7 (full 2):
 PSYoungGen      total 38400K, used 38398K [0x00000000d5c00000, 0x00000000da700000, 0x0000000100000000)
  eden space 33280K, 100% used [0x00000000d5c00000,0x00000000d7c80000,0x00000000d7c80000)
  from space 5120K, 99% used [0x00000000d8180000,0x00000000d867f8f8,0x00000000d8680000)
  to   space 5120K, 0% used [0x00000000d7c80000,0x00000000d7c80000,0x00000000d8180000)
 ParOldGen       total 87552K, used 14883K [0x0000000081400000, 0x0000000086980000, 0x00000000d5c00000)
  object space 87552K, 16% used [0x0000000081400000,0x0000000082288ee8,0x0000000086980000)
 Metaspace       used 15618K, capacity 15816K, committed 16128K, reserved 1062912K
  class space    used 1941K, capacity 1997K, committed 2048K, reserved 1048576K
Event: 5.194 GC heap after
Heap after GC invocations=7 (full 2):
 PSYoungGen      total 38400K, used 5104K [0x00000000d5c00000, 0x00000000da700000, 0x0000000100000000)
  eden space 33280K, 0% used [0x00000000d5c00000,0x00000000d5c00000,0x00000000d7c80000)
  from space 5120K, 99% used [0x00000000d7c80000,0x00000000d817c388,0x00000000d8180000)
  to   space 5120K, 0% used [0x00000000da200000,0x00000000da200000,0x00000000da700000)
 ParOldGen       total 87552K, used 19539K [0x0000000081400000, 0x0000000086980000, 0x00000000d5c00000)
  object space 87552K, 22% used [0x0000000081400000,0x0000000082714ff8,0x0000000086980000)
 Metaspace       used 15618K, capacity 15816K, committed 16128K, reserved 1062912K
  class space    used 1941K, capacity 1997K, committed 2048K, reserved 1048576K
}
Event: 5.391 GC heap before
{Heap before GC invocations=8 (full 2):
 PSYoungGen      total 38400K, used 38151K [0x00000000d5c00000, 0x00000000da700000, 0x0000000100000000)
  eden space 33280K, 99% used [0x00000000d5c00000,0x00000000d7c45930,0x00000000d7c80000)
  from space 5120K, 99% used [0x00000000d7c80000,0x00000000d817c388,0x00000000d8180000)
  to   space 5120K, 0% used [0x00000000da200000,0x00000000da200000,0x00000000da700000)
 ParOldGen       total 87552K, used 19539K [0x0000000081400000, 0x0000000086980000, 0x00000000d5c00000)
  object space 87552K, 22% used [0x0000000081400000,0x0000000082714ff8,0x0000000086980000)
 Metaspace       used 15678K, capacity 15880K, committed 16128K, reserved 1062912K
  class space    used 1941K, capacity 1997K, committed 2048K, reserved 1048576K
Event: 5.422 GC heap after
Heap after GC invocations=8 (full 2):
 PSYoungGen      total 71680K, used 5118K [0x00000000d5c00000, 0x00000000da700000, 0x0000000100000000)
  eden space 66560K, 0% used [0x00000000d5c00000,0x00000000d5c00000,0x00000000d9d00000)
  from space 5120K, 99% used [0x00000000da200000,0x00000000da6ff908,0x00000000da700000)
  to   space 5120K, 0% used [0x00000000d9d00000,0x00000000d9d00000,0x00000000da200000)
 ParOldGen       total 87552K, used 28372K [0x0000000081400000, 0x0000000086980000, 0x00000000d5c00000)
  object space 87552K, 32% used [0x0000000081400000,0x0000000082fb5218,0x0000000086980000)
 Metaspace       used 15678K, capacity 15880K, committed 16128K, reserved 1062912K
  class space    used 1941K, capacity 1997K, committed 2048K, reserved 1048576K
}
Event: 6.614 GC heap before
{Heap before GC invocations=9 (full 2):
 PSYoungGen      total 71680K, used 71481K [0x00000000d5c00000, 0x00000000da700000, 0x0000000100000000)
  eden space 66560K, 99% used [0x00000000d5c00000,0x00000000d9ccee10,0x00000000d9d00000)
  from space 5120K, 99% used [0x00000000da200000,0x00000000da6ff908,0x00000000da700000)
  to   space 5120K, 0% used [0x00000000d9d00000,0x00000000d9d00000,0x00000000da200000)
 ParOldGen       total 87552K, used 28372K [0x0000000081400000, 0x0000000086980000, 0x00000000d5c00000)
  object space 87552K, 32% used [0x0000000081400000,0x0000000082fb5218,0x0000000086980000)
 Metaspace       used 15762K, capacity 15944K, committed 16128K, reserved 1062912K
  class space    used 1943K, capacity 1997K, committed 2048K, reserved 1048576K
Event: 6.663 GC heap after
Heap after GC invocations=9 (full 2):
 PSYoungGen      total 71680K, used 5118K [0x00000000d5c00000, 0x00000000e0900000, 0x0000000100000000)
  eden space 66560K, 0% used [0x00000000d5c00000,0x00000000d5c00000,0x00000000d9d00000)
  from space 5120K, 99% used [0x00000000d9d00000,0x00000000da1ff908,0x00000000da200000)
  to   space 22016K, 0% used [0x00000000df380000,0x00000000df380000,0x00000000e0900000)
 ParOldGen       total 87552K, used 44909K [0x0000000081400000, 0x0000000086980000, 0x00000000d5c00000)
  object space 87552K, 51% used [0x0000000081400000,0x0000000083fdb638,0x0000000086980000)
 Metaspace       used 15762K, capacity 15944K, committed 16128K, reserved 1062912K
  class space    used 1943K, capacity 1997K, committed 2048K, reserved 1048576K
}
Event: 13.946 GC heap before
{Heap before GC invocations=10 (full 2):
 PSYoungGen      total 71680K, used 71494K [0x00000000d5c00000, 0x00000000e0900000, 0x0000000100000000)
  eden space 66560K, 99% used [0x00000000d5c00000,0x00000000d9cd1fa8,0x00000000d9d00000)
  from space 5120K, 99% used [0x00000000d9d00000,0x00000000da1ff908,0x00000000da200000)
  to   space 22016K, 0% used [0x00000000df380000,0x00000000df380000,0x00000000e0900000)
 ParOldGen       total 87552K, used 44909K [0x0000000081400000, 0x0000000086980000, 0x00000000d5c00000)
  object space 87552K, 51% used [0x0000000081400000,0x0000000083fdb638,0x0000000086980000)
 Metaspace       used 15826K, capacity 16008K, committed 16128K, reserved 1062912K
  class space    used 1943K, capacity 1997K, committed 2048K, reserved 1048576K
Event: 13.962 GC heap after
Heap after GC invocations=10 (full 2):
 PSYoungGen      total 151040K, used 21905K [0x00000000d5c00000, 0x00000000e1100000, 0x0000000100000000)
  eden space 129024K, 0% used [0x00000000d5c00000,0x00000000d5c00000,0x00000000dda00000)
  from space 22016K, 99% used [0x00000000df380000,0x00000000e08e4798,0x00000000e0900000)
  to   space 26112K, 0% used [0x00000000dda00000,0x00000000dda00000,0x00000000df380000)
 ParOldGen       total 87552K, used 45941K [0x0000000081400000, 0x0000000086980000, 0x00000000d5c00000)
  object space 87552K, 52% used [0x0000000081400000,0x00000000840dd678,0x0000000086980000)
 Metaspace       used 15826K, capacity 16008K, committed 16128K, reserved 1062912K
  class space    used 1943K, capacity 1997K, committed 2048K, reserved 1048576K
}

Deoptimization events (10 events):
Event: 2.177 Thread 0x000000001a117000 Uncommon trap: reason=class_check action=maybe_recompile pc=0x000000000215b93c method=java.util.HashMap.putVal(ILjava/lang/Object;Ljava/lang/Object;ZZ)Ljava/lang/Object; @ 253
Event: 2.177 Thread 0x000000001a117000 Uncommon trap: reason=class_check action=maybe_recompile pc=0x000000000215b93c method=java.util.HashMap.putVal(ILjava/lang/Object;Ljava/lang/Object;ZZ)Ljava/lang/Object; @ 253
Event: 4.614 Thread 0x000000001a117000 Uncommon trap: reason=unreached action=reinterpret pc=0x0000000002268f18 method=org.openstreetmap.gui.jmapviewer.Tile.loadPlaceholderFromCache(Lorg/openstreetmap/gui/jmapviewer/interfaces/TileCache;)V @ 306
Event: 31.726 Thread 0x000000001a117000 Uncommon trap: reason=class_check action=maybe_recompile pc=0x0000000002093b14 method=java.lang.String.equals(Ljava/lang/Object;)Z @ 8
Event: 33.566 Thread 0x000000001a117000 Uncommon trap: reason=class_check action=maybe_recompile pc=0x000000000203dff0 method=java.util.zip.InflaterInputStream.read([BII)I @ 100
Event: 33.567 Thread 0x000000001a117000 Uncommon trap: reason=class_check action=maybe_recompile pc=0x000000000203dff0 method=java.util.zip.InflaterInputStream.read([BII)I @ 100
Event: 33.681 Thread 0x000000001a117000 Uncommon trap: reason=class_check action=maybe_recompile pc=0x000000000203dff0 method=java.util.zip.InflaterInputStream.read([BII)I @ 100
Event: 33.682 Thread 0x000000001a117000 Uncommon trap: reason=class_check action=maybe_recompile pc=0x000000000203dff0 method=java.util.zip.InflaterInputStream.read([BII)I @ 100
Event: 37.859 Thread 0x000000001a117000 Uncommon trap: reason=class_check action=maybe_recompile pc=0x0000000002093b14 method=java.lang.String.equals(Ljava/lang/Object;)Z @ 8
Event: 37.859 Thread 0x000000001a117000 Uncommon trap: reason=class_check action=maybe_recompile pc=0x0000000002093b14 method=java.lang.String.equals(Ljava/lang/Object;)Z @ 8

Internal exceptions (10 events):
Event: 19.146 Thread 0x000000001a117000 Exception <a 'java/security/PrivilegedActionException'> (0x00000000da204270) thrown at [D:\re\workspace\8-2-build-windows-amd64-cygwin\jdk8u20\1074\hotspot\src\share\vm\prims\jvm.cpp, line 1275]
Event: 19.149 Thread 0x000000001a117000 Exception <a 'java/security/PrivilegedActionException'> (0x00000000da207a88) thrown at [D:\re\workspace\8-2-build-windows-amd64-cygwin\jdk8u20\1074\hotspot\src\share\vm\prims\jvm.cpp, line 1275]
Event: 33.565 Thread 0x000000001a117000 Exception <a 'java/security/PrivilegedActionException'> (0x00000000da295ed0) thrown at [D:\re\workspace\8-2-build-windows-amd64-cygwin\jdk8u20\1074\hotspot\src\share\vm\prims\jvm.cpp, line 1275]
Event: 33.566 Thread 0x000000001a117000 Exception <a 'java/security/PrivilegedActionException'> (0x00000000da299c68) thrown at [D:\re\workspace\8-2-build-windows-amd64-cygwin\jdk8u20\1074\hotspot\src\share\vm\prims\jvm.cpp, line 1275]
Event: 33.681 Thread 0x000000001a117000 Exception <a 'java/security/PrivilegedActionException'> (0x00000000da2ab060) thrown at [D:\re\workspace\8-2-build-windows-amd64-cygwin\jdk8u20\1074\hotspot\src\share\vm\prims\jvm.cpp, line 1275]
Event: 33.682 Thread 0x000000001a117000 Exception <a 'java/security/PrivilegedActionException'> (0x00000000da2aeed8) thrown at [D:\re\workspace\8-2-build-windows-amd64-cygwin\jdk8u20\1074\hotspot\src\share\vm\prims\jvm.cpp, line 1275]
Event: 33.683 Thread 0x000000001a117000 Exception <a 'java/security/PrivilegedActionException'> (0x00000000da2b1dc8) thrown at [D:\re\workspace\8-2-build-windows-amd64-cygwin\jdk8u20\1074\hotspot\src\share\vm\prims\jvm.cpp, line 1275]
Event: 33.785 Thread 0x000000001a117000 Exception <a 'java/security/PrivilegedActionException'> (0x00000000da6c9bf8) thrown at [D:\re\workspace\8-2-build-windows-amd64-cygwin\jdk8u20\1074\hotspot\src\share\vm\prims\jvm.cpp, line 1275]
Event: 33.787 Thread 0x000000001a117000 Exception <a 'java/security/PrivilegedActionException'> (0x00000000da6cd0e8) thrown at [D:\re\workspace\8-2-build-windows-amd64-cygwin\jdk8u20\1074\hotspot\src\share\vm\prims\jvm.cpp, line 1275]
Event: 33.788 Thread 0x000000001a117000 Exception <a 'java/security/PrivilegedActionException'> (0x00000000da7d32b0) thrown at [D:\re\workspace\8-2-build-windows-amd64-cygwin\jdk8u20\1074\hotspot\src\share\vm\prims\jvm.cpp, line 1275]

Events (10 events):
Event: 37.865 loading class sun/awt/UngrabEvent
Event: 37.865 loading class sun/awt/UngrabEvent done
Event: 37.868 Executing VM operation: CollectForMetadataAllocation
Event: 37.868 Executing VM operation: CollectForMetadataAllocation done
Event: 37.868 loading class java/awt/geom/RectIterator
Event: 37.868 loading class java/awt/geom/RectIterator done
Event: 38.303 loading class javax/swing/Autoscroller
Event: 38.303 loading class javax/swing/Autoscroller done
Event: 38.304 loading class javax/swing/plaf/basic/BasicPopupMenuUI$MouseGrabber$2
Event: 38.304 loading class javax/swing/plaf/basic/BasicPopupMenuUI$MouseGrabber$2 done


Dynamic libraries:
0x00007ff7089c0000 - 0x00007ff7089f4000 	C:\Program Files\Java\jdk1.8.0_20\bin\java.exe
0x00007ffeda740000 - 0x00007ffeda8ec000 	C:\WINDOWS\SYSTEM32\ntdll.dll
0x00007ffed8940000 - 0x00007ffed8a7e000 	C:\WINDOWS\system32\KERNEL32.DLL
0x00007ffed7c40000 - 0x00007ffed7d55000 	C:\WINDOWS\system32\KERNELBASE.dll
0x00007ffed6410000 - 0x00007ffed649e000 	C:\WINDOWS\system32\apphelp.dll
0x00007ffebb000000 - 0x00007ffebb053000 	C:\WINDOWS\AppPatch\AppPatch64\AcGenral.DLL
0x00007ffed7fc0000 - 0x00007ffed806a000 	C:\WINDOWS\system32\msvcrt.dll
0x00007ffed7730000 - 0x00007ffed775e000 	C:\WINDOWS\SYSTEM32\SspiCli.dll
0x00007ffed8680000 - 0x00007ffed86d4000 	C:\WINDOWS\system32\SHLWAPI.dll
0x00007ffed7de0000 - 0x00007ffed7f57000 	C:\WINDOWS\system32\USER32.dll
0x00007ffeda4d0000 - 0x00007ffeda664000 	C:\WINDOWS\system32\ole32.dll
0x00007ffed8ef0000 - 0x00007ffeda41b000 	C:\WINDOWS\system32\SHELL32.dll
0x00007ffed6eb0000 - 0x00007ffed6ed1000 	C:\WINDOWS\SYSTEM32\USERENV.dll
0x00007ffeda420000 - 0x00007ffeda4ca000 	C:\WINDOWS\system32\ADVAPI32.dll
0x00007ffec7950000 - 0x00007ffec796e000 	C:\WINDOWS\SYSTEM32\MPR.dll
0x00007ffed86e0000 - 0x00007ffed8821000 	C:\WINDOWS\system32\RPCRT4.dll
0x00007ffed8a80000 - 0x00007ffed8ad9000 	C:\WINDOWS\SYSTEM32\sechost.dll
0x00007ffed8460000 - 0x00007ffed8671000 	C:\WINDOWS\SYSTEM32\combase.dll
0x00007ffed8310000 - 0x00007ffed845f000 	C:\WINDOWS\system32\GDI32.dll
0x00007ffed7890000 - 0x00007ffed78a5000 	C:\WINDOWS\SYSTEM32\profapi.dll
0x00007ffed6350000 - 0x00007ffed6402000 	C:\WINDOWS\SYSTEM32\SHCORE.dll
0x00007ffed8900000 - 0x00007ffed8936000 	C:\WINDOWS\system32\IMM32.DLL
0x00007ffed8ae0000 - 0x00007ffed8c32000 	C:\WINDOWS\system32\MSCTF.dll
0x00007ffed5950000 - 0x00007ffed5bcb000 	C:\WINDOWS\WinSxS\amd64_microsoft.windows.common-controls_6595b64144ccf1df_6.0.9600.18006_none_623f33d3ecbe86e8\COMCTL32.dll
0x0000000063280000 - 0x0000000063352000 	C:\Program Files\Java\jdk1.8.0_20\jre\bin\msvcr100.dll
0x0000000063360000 - 0x0000000063bb8000 	C:\Program Files\Java\jdk1.8.0_20\jre\bin\server\jvm.dll
0x00007ffecdb90000 - 0x00007ffecdb99000 	C:\WINDOWS\SYSTEM32\WSOCK32.dll
0x00007ffed5470000 - 0x00007ffed5492000 	C:\WINDOWS\SYSTEM32\WINMM.dll
0x00007ffed8070000 - 0x00007ffed8077000 	C:\WINDOWS\system32\PSAPI.DLL
0x00007ffed7f60000 - 0x00007ffed7fba000 	C:\WINDOWS\system32\WS2_32.dll
0x00007ffed53f0000 - 0x00007ffed541a000 	C:\WINDOWS\SYSTEM32\WINMMBASE.dll
0x00007ffed8c40000 - 0x00007ffed8c49000 	C:\WINDOWS\system32\NSI.dll
0x00007ffed7b40000 - 0x00007ffed7b8f000 	C:\WINDOWS\SYSTEM32\cfgmgr32.dll
0x00007ffed6680000 - 0x00007ffed66a8000 	C:\WINDOWS\SYSTEM32\DEVOBJ.dll
0x0000000064220000 - 0x000000006422f000 	C:\Program Files\Java\jdk1.8.0_20\jre\bin\verify.dll
0x0000000063250000 - 0x0000000063278000 	C:\Program Files\Java\jdk1.8.0_20\jre\bin\java.dll
0x0000000064200000 - 0x0000000064216000 	C:\Program Files\Java\jdk1.8.0_20\jre\bin\zip.dll
0x0000000063070000 - 0x0000000063208000 	C:\Program Files\Java\jdk1.8.0_20\jre\bin\awt.dll
0x00007ffed8830000 - 0x00007ffed88f1000 	C:\WINDOWS\system32\OLEAUT32.dll
0x00007ffed5bd0000 - 0x00007ffed5bf1000 	C:\WINDOWS\system32\DWMAPI.DLL
0x00007ffed6500000 - 0x00007ffed6629000 	C:\WINDOWS\system32\uxtheme.dll
0x00007ffed66f0000 - 0x00007ffed66fb000 	C:\WINDOWS\SYSTEM32\kernel.appcore.dll
0x00007ffed77d0000 - 0x00007ffed77db000 	C:\WINDOWS\SYSTEM32\CRYPTBASE.dll
0x00007ffed7760000 - 0x00007ffed77c3000 	C:\WINDOWS\SYSTEM32\bcryptPrimitives.dll
0x00007ffec9b70000 - 0x00007ffec9d91000 	C:\WINDOWS\system32\d3d9.dll
0x00007ffed6310000 - 0x00007ffed631a000 	C:\WINDOWS\SYSTEM32\VERSION.dll
0x00007ffeb50c0000 - 0x00007ffeb685c000 	C:\WINDOWS\SYSTEM32\igdumdim64.dll
0x00007ffed1b70000 - 0x00007ffed2539000 	C:\WINDOWS\SYSTEM32\igdusc64.dll
0x0000000063020000 - 0x0000000063067000 	C:\Program Files\Java\jdk1.8.0_20\jre\bin\fontmanager.dll
0x0000000063230000 - 0x000000006324a000 	C:\Program Files\Java\jdk1.8.0_20\jre\bin\net.dll
0x00007ffed7170000 - 0x00007ffed71c9000 	C:\WINDOWS\system32\mswsock.dll
0x0000000063210000 - 0x0000000063221000 	C:\Program Files\Java\jdk1.8.0_20\jre\bin\nio.dll
0x0000000062fd0000 - 0x0000000063011000 	C:\Program Files\Java\jdk1.8.0_20\jre\bin\t2k.dll
0x00007ffeda670000 - 0x00007ffeda726000 	C:\WINDOWS\SYSTEM32\clbcatq.dll
0x00007ffed3850000 - 0x00007ffed39fe000 	C:\WINDOWS\SYSTEM32\WindowsCodecs.dll
0x00007ffed71d0000 - 0x00007ffed71f0000 	C:\WINDOWS\SYSTEM32\CRYPTSP.dll
0x00007ffed6da0000 - 0x00007ffed6dd6000 	C:\WINDOWS\system32\rsaenh.dll
0x00007ffed7420000 - 0x00007ffed7446000 	C:\WINDOWS\SYSTEM32\bcrypt.dll
0x00007ffed3d40000 - 0x00007ffed3d6a000 	C:\WINDOWS\SYSTEM32\IPHLPAPI.DLL
0x00007ffed32d0000 - 0x00007ffed32da000 	C:\WINDOWS\SYSTEM32\WINNSI.DLL
0x00007ffed25c0000 - 0x00007ffed25d6000 	C:\WINDOWS\SYSTEM32\dhcpcsvc6.DLL
0x00007ffed3230000 - 0x00007ffed324a000 	C:\WINDOWS\SYSTEM32\dhcpcsvc.DLL
0x0000000062f90000 - 0x0000000062fba000 	C:\Program Files\Java\jdk1.8.0_20\jre\bin\dcpr.dll
0x00007ffecc900000 - 0x00007ffecca89000 	C:\WINDOWS\SYSTEM32\dbghelp.dll

VM Arguments:
jvm_args: -Dfile.encoding=UTF-8 
java_command: tspdiploma.TSPDiploma
java_class_path (initial): C:\Users\Krzysztof\Desktop\DiplomaProject\DiplomaProject\TSPDiploma\osm2po-core-5.1.0-signed.jar;C:\Users\Krzysztof\Desktop\DiplomaProject\DiplomaProject\TSPDiploma\build\classes
Launcher Type: SUN_STANDARD

Environment Variables:
PATH=C:\ProgramData\Oracle\Java\javapath;C:\Program Files (x86)\Intel\iCLS Client\;C:\Program Files\Intel\iCLS Client\;C:\WINDOWS\system32;C:\WINDOWS;C:\WINDOWS\System32\Wbem;C:\WINDOWS\System32\WindowsPowerShell\v1.0\;C:\Program Files\Intel\Intel(R) Management Engine Components\DAL;C:\Program Files\Intel\Intel(R) Management Engine Components\IPT;C:\Program Files (x86)\Intel\Intel(R) Management Engine Components\DAL;C:\Program Files (x86)\Intel\Intel(R) Management Engine Components\IPT;C:\Program Files\Intel\WiFi\bin\;C:\Program Files\Common Files\Intel\WirelessCommon\;C:\Program Files (x86)\Windows Kits\8.1\Windows Performance Toolkit\;C:\Program Files\Microsoft SQL Server\110\Tools\Binn\;C:\Program Files\Calibre2\;E:\Program Files\MATLAB\R2014a\runtime\win64;E:\Program Files\MATLAB\R2014a\bin;E:\Program Files\MATLAB\R2014a\polyspace\bin;C:\Program Files (x86)\NVIDIA Corporation\PhysX\Common;C:\Program Files (x86)\Skype\Phone\;C:\Program Files\Intel\WiFi\bin\;C:\Program Files\Common Files\Intel\WirelessCommon\;C:\Users\Krzysztof\Documents\NDK\android-ndk-r10e
USERNAME=Krzysztof
OS=Windows_NT
PROCESSOR_IDENTIFIER=Intel64 Family 6 Model 60 Stepping 3, GenuineIntel



---------------  S Y S T E M  ---------------

OS: Windows 8.1 , 64 bit Build 9600 

CPU:total 8 (4 cores per cpu, 2 threads per core) family 6 model 60 stepping 3, cmov, cx8, fxsr, mmx, sse, sse2, sse3, ssse3, sse4.1, sse4.2, popcnt, avx, avx2, aes, clmul, erms, lzcnt, ht, tsc, tscinvbit, bmi1, bmi2

Memory: 4k page, physical 8306096k(772596k free), swap 10403248k(2544k free)

vm_info: Java HotSpot(TM) 64-Bit Server VM (25.20-b23) for windows-amd64 JRE (1.8.0_20-b26), built on Jul 30 2014 13:51:23 by "java_re" with MS VC++ 10.0 (VS2010)

time: Sat Dec 17 21:31:32 2016
elapsed time: 38 seconds (0d 0h 0m 38s)

